#
# There is insufficient memory for the Java Runtime Environment to continue.
# Native memory allocation (malloc) failed to allocate 32744 bytes for ChunkPool::allocate
# Possible reasons:
#   The system is out of physical RAM or swap space
#   In 32 bit mode, the process size limit was hit
# Possible solutions:
#   Reduce memory load on the system
#   Increase physical memory or swap space
#   Check if swap backing store is full
#   Use 64 bit Java on a 64 bit OS
#   Decrease Java heap size (-Xmx/-Xms)
#   Decrease number of Java threads
#   Decrease Java thread stack sizes (-Xss)
#   Set larger code cache with -XX:ReservedCodeCacheSize=
# This output file may be truncated or incomplete.
#
#  Out of Memory Error (allocation.cpp:273), pid=6120, tid=0x0000000000001358
#
# JRE version: OpenJDK Runtime Environment (8.0_152-b01) (build 1.8.0_152-release-1248-b01)
# Java VM: OpenJDK 64-Bit Server VM (25.152-b01 mixed mode windows-amd64 compressed oops)
# Failed to write core dump. Minidumps are not enabled by default on client versions of Windows
#

---------------  T H R E A D  ---------------

Current thread (0x00000000165fd000):  JavaThread "C1 CompilerThread1" daemon [_thread_in_vm, id=4952, stack(0x0000000017710000,0x0000000017810000)]

Stack: [0x0000000017710000,0x0000000017810000]
[error occurred during error reporting (printing stack bounds), id 0xc0000005]

Native frames: (J=compiled Java code, j=interpreted, Vv=VM code, C=native code)


Current CompileTask:
C1: 779387 13097       2       java.util.StringJoiner::<init> (10 bytes)


---------------  P R O C E S S  ---------------

Java Threads: ( => current thread )
  0x000000001f7c6800 JavaThread "ForkJoinPool-2-worker-30" daemon [_thread_in_native, id=5236, stack(0x0000000024f20000,0x0000000025020000)]
  0x000000001f7c3800 JavaThread "ForkJoinPool-2-worker-20" daemon [_thread_blocked, id=4592, stack(0x0000000024e20000,0x0000000024f20000)]
  0x000000001f7ba000 JavaThread "ForkJoinPool-2-worker-27" daemon [_thread_in_native, id=5280, stack(0x0000000024d20000,0x0000000024e20000)]
  0x000000001f7c0800 JavaThread "ForkJoinPool-2-worker-19" daemon [_thread_in_native, id=4024, stack(0x0000000024c20000,0x0000000024d20000)]
  0x000000001f7c0000 JavaThread "ForkJoinPool-2-worker-18" daemon [_thread_blocked, id=3108, stack(0x0000000024b20000,0x0000000024c20000)]
  0x000000001f7bd000 JavaThread "ForkJoinPool-2-worker-8" daemon [_thread_blocked, id=508, stack(0x0000000024a20000,0x0000000024b20000)]
  0x000000001f7bc000 JavaThread "ForkJoinPool-2-worker-15" daemon [_thread_in_native, id=5628, stack(0x0000000024920000,0x0000000024a20000)]
  0x000000001f7b8800 JavaThread "ForkJoinPool-2-worker-13" daemon [_thread_in_Java, id=3220, stack(0x0000000024820000,0x0000000024920000)]
  0x000000001f7bf000 JavaThread "ForkJoinPool-2-worker-9" daemon [_thread_in_native, id=6052, stack(0x0000000024720000,0x0000000024820000)]
  0x000000001f7be800 JavaThread "ForkJoinPool-2-worker-14" daemon [_thread_blocked, id=1524, stack(0x0000000024420000,0x0000000024520000)]
  0x000000001f7b9000 JavaThread "ForkJoinPool-2-worker-12" daemon [_thread_in_Java, id=2772, stack(0x0000000023d70000,0x0000000023e70000)]
  0x000000001f7bd800 JavaThread "ForkJoinPool-2-worker-10" daemon [_thread_blocked, id=2216, stack(0x0000000023c70000,0x0000000023d70000)]
  0x000000001f7ba800 JavaThread "ForkJoinPool-2-worker-11" daemon [_thread_in_native, id=1440, stack(0x0000000023b70000,0x0000000023c70000)]
  0x000000001f7bb800 JavaThread "ForkJoinPool-2-worker-5" daemon [_thread_in_native, id=1456, stack(0x0000000023a70000,0x0000000023b70000)]
  0x000000001af6a800 JavaThread "ForkJoinPool-2-worker-7" daemon [_thread_blocked, id=5700, stack(0x0000000023970000,0x0000000023a70000)]
  0x000000001af71800 JavaThread "ForkJoinPool-2-worker-6" daemon [_thread_in_vm, id=5792, stack(0x0000000023870000,0x0000000023970000)]
  0x000000001af70000 JavaThread "ForkJoinPool-2-worker-4" daemon [_thread_blocked, id=4264, stack(0x0000000023770000,0x0000000023870000)]
  0x000000001af6d000 JavaThread "ForkJoinPool-2-worker-3" daemon [_thread_blocked, id=2068, stack(0x0000000023670000,0x0000000023770000)]
  0x000000001af6b800 JavaThread "ForkJoinPool-2-worker-2" daemon [_thread_blocked, id=192, stack(0x0000000023570000,0x0000000023670000)]
  0x000000001af6f800 JavaThread "ForkJoinPool-2-worker-0" daemon [_thread_blocked, id=1312, stack(0x0000000023270000,0x0000000023370000)]
  0x000000001af6d800 JavaThread "ForkJoinPool-2-worker-1" daemon [_thread_blocked, id=1992, stack(0x0000000023170000,0x0000000023270000)]
  0x000000001af6e800 JavaThread "Cache worker for Java compile cache (C:\Users\test\Daktari\.gradle\4.10.1\javaCompile)" [_thread_blocked, id=3076, stack(0x0000000022c70000,0x0000000022d70000)]
  0x000000001950e000 JavaThread "Cache worker for Java compile cache (C:\Users\test\.gradle\caches\4.10.1\caches\4.10.1\javaCompile)" [_thread_blocked, id=5064, stack(0x0000000022b70000,0x0000000022c70000)]
  0x0000000019514000 JavaThread "Cache worker for Build Output Cleanup Cache (C:\Users\test\Daktari\.gradle\buildOutputCleanup)" [_thread_blocked, id=2056, stack(0x0000000022870000,0x0000000022970000)]
  0x0000000019518000 JavaThread "Cache worker for task history cache (C:\Users\test\Daktari\.gradle\4.10.1\taskHistory)" [_thread_blocked, id=3440, stack(0x0000000021720000,0x0000000021820000)]
  0x0000000019517000 JavaThread "Task worker for ':'" [_thread_blocked, id=5780, stack(0x0000000021220000,0x0000000021320000)]
  0x000000001950c800 JavaThread "Cache worker for file content cache (C:\Users\test\Daktari\.gradle\4.10.1\fileContent)" [_thread_blocked, id=3680, stack(0x0000000020d20000,0x0000000020e20000)]
  0x0000000019513800 JavaThread "Cache worker for file content cache (C:\Users\test\.gradle\caches\4.10.1\caches\4.10.1\fileContent)" [_thread_blocked, id=5160, stack(0x000000001ddf0000,0x000000001def0000)]
  0x000000001950c000 JavaThread "Build operations Thread 2" [_thread_blocked, id=1168, stack(0x000000001dcf0000,0x000000001ddf0000)]
  0x000000001950b000 JavaThread "Build operations" [_thread_blocked, id=2580, stack(0x000000001d4f0000,0x000000001d5f0000)]
  0x0000000019512000 JavaThread "Cache worker for cache directory md-rule (C:\Users\test\.gradle\caches\4.10.1\caches\4.10.1\md-rule)" [_thread_blocked, id=4304, stack(0x000000001b9d0000,0x000000001bad0000)]
  0x000000001950d800 JavaThread "Cache worker for cache directory md-supplier (C:\Users\test\.gradle\caches\4.10.1\caches\4.10.1\md-supplier)" [_thread_blocked, id=636, stack(0x000000001a500000,0x000000001a600000)]
  0x0000000019511000 JavaThread "Cache worker for file hash cache (C:\Users\test\Daktari\.gradle\4.10.1\fileHashes)" [_thread_blocked, id=5012, stack(0x000000001a400000,0x000000001a500000)]
  0x0000000018e70000 JavaThread "Stdin handler" [_thread_blocked, id=4056, stack(0x000000001a300000,0x000000001a400000)]
  0x0000000018e75000 JavaThread "Asynchronous log dispatcher for DefaultDaemonConnection: socket connection from /127.0.0.1:55505 to /127.0.0.1:56259" [_thread_blocked, id=5864, stack(0x000000001a200000,0x000000001a300000)]
  0x0000000018e73800 JavaThread "Cancel handler" [_thread_blocked, id=4156, stack(0x0000000019e00000,0x0000000019f00000)]
  0x0000000018e72000 JavaThread "Handler for socket connection from /127.0.0.1:55505 to /127.0.0.1:56259" [_thread_in_native, id=628, stack(0x0000000001280000,0x0000000001380000)]
  0x000000001950a800 JavaThread "Daemon worker Thread 2" [_thread_blocked, id=5140, stack(0x0000000019f00000,0x000000001a000000)]
  0x0000000019510800 JavaThread "Daemon Thread 2" [_thread_blocked, id=5516, stack(0x0000000001180000,0x0000000001280000)]
  0x0000000019509000 JavaThread "pool-1-thread-1" [_thread_blocked, id=2396, stack(0x000000001bad0000,0x000000001bbd0000)]
  0x000000001950f800 JavaThread "Memory manager" [_thread_blocked, id=4244, stack(0x000000001dff0000,0x000000001e0f0000)]
  0x0000000018e73000 JavaThread "Cache worker for Artifact transforms cache (C:\Users\test\.gradle\caches\4.10.1\caches\transforms-1)" [_thread_blocked, id=2268, stack(0x000000001d5f0000,0x000000001d6f0000)]
  0x0000000018e71800 JavaThread "Cache worker for journal cache (C:\Users\test\.gradle\caches\4.10.1\caches\journal-1)" [_thread_blocked, id=5496, stack(0x000000001bc20000,0x000000001bd20000)]
  0x0000000018e7f000 JavaThread "File lock request listener" [_thread_in_native, id=5428, stack(0x000000001a900000,0x000000001aa00000)]
  0x0000000018efb800 JavaThread "Cache worker for file hash cache (C:\Users\test\.gradle\caches\4.10.1\caches\4.10.1\fileHashes)" [_thread_blocked, id=5572, stack(0x000000001a800000,0x000000001a900000)]
  0x0000000018cbc000 JavaThread "Daemon periodic checks" [_thread_blocked, id=1380, stack(0x0000000019d00000,0x0000000019e00000)]
  0x0000000018cb8800 JavaThread "Incoming local TCP Connector on port 55505" [_thread_in_native, id=5552, stack(0x0000000019b20000,0x0000000019c20000)]
  0x000000001666c000 JavaThread "Service Thread" daemon [_thread_blocked, id=708, stack(0x0000000017810000,0x0000000017910000)]
=>0x00000000165fd000 JavaThread "C1 CompilerThread1" daemon [_thread_in_vm, id=4952, stack(0x0000000017710000,0x0000000017810000)]
  0x00000000165f9800 JavaThread "C2 CompilerThread0" daemon [_thread_in_native, id=364, stack(0x0000000017610000,0x0000000017710000)]
  0x00000000165f8800 JavaThread "Attach Listener" daemon [_thread_blocked, id=3936, stack(0x0000000017510000,0x0000000017610000)]
  0x0000000002e4e800 JavaThread "Signal Dispatcher" daemon [_thread_blocked, id=264, stack(0x0000000017410000,0x0000000017510000)]
  0x00000000165e7800 JavaThread "Finalizer" daemon [_thread_blocked, id=1376, stack(0x0000000017230000,0x0000000017330000)]
  0x0000000002e3c800 JavaThread "Reference Handler" daemon [_thread_blocked, id=5404, stack(0x0000000017130000,0x0000000017230000)]
  0x0000000002ecd800 JavaThread "main" [_thread_blocked, id=5484, stack(0x0000000002bf0000,0x0000000002cf0000)]

Other Threads:
  0x00000000165c6800 VMThread [stack: 0x0000000017030000,0x0000000017130000] [id=3424]
  0x000000001666e800 WatcherThread [stack: 0x0000000017910000,0x0000000017a10000] [id=3080]

VM state:not at safepoint (normal execution)

VM Mutex/Monitor currently owned by a thread: None

Heap:
 PSYoungGen      total 252416K, used 231160K [0x00000000e0000000, 0x00000000f1780000, 0x0000000100000000)
  eden space 231424K, 90% used [0x00000000e0000000,0x00000000ecd424c0,0x00000000ee200000)
  from space 20992K, 99% used [0x00000000efb80000,0x00000000f0ffbbe0,0x00000000f1000000)
  to   space 26112K, 0% used [0x00000000ee200000,0x00000000ee200000,0x00000000efb80000)
 ParOldGen       total 95232K, used 39002K [0x00000000a0000000, 0x00000000a5d00000, 0x00000000e0000000)
  object space 95232K, 40% used [0x00000000a0000000,0x00000000a2616be8,0x00000000a5d00000)
 Metaspace       used 81795K, capacity 84938K, committed 85120K, reserved 1122304K
  class space    used 10665K, capacity 11372K, committed 11392K, reserved 1048576K

Card table byte_map: [0x0000000012290000,0x00000000125a0000] byte_map_base: 0x0000000011d90000

Marking Bits: (ParMarkBitMap*) 0x000000006b435aa0
 Begin Bits: [0x00000000129a0000, 0x00000000141a0000)
 End Bits:   [0x00000000141a0000, 0x00000000159a0000)

Polling page: 0x0000000001410000

CodeCache: size=245760Kb used=36341Kb max_used=36486Kb free=209418Kb
 bounds [0x0000000002ed0000, 0x00000000052a0000, 0x0000000011ed0000]
 total_blobs=12021 nmethods=11170 adapters=764
 compilation: enabled

Compilation events (10 events):
Event: 779.026 Thread 0x00000000165fd000 nmethod 13092 0x00000000033cbb50 code [0x00000000033cbca0, 0x00000000033cbdf0]
Event: 779.026 Thread 0x00000000165fd000 13093       2       java.util.StringJoiner::add (11 bytes)
Event: 779.027 Thread 0x00000000165fd000 nmethod 13093 0x00000000033cb750 code [0x00000000033cb8c0, 0x00000000033cba78]
Event: 779.027 Thread 0x00000000165fd000 13094       2       java.util.StringJoiner::<init> (84 bytes)
Event: 779.027 Thread 0x00000000165fd000 nmethod 13094 0x0000000004ad0090 code [0x0000000004ad0280, 0x0000000004ad08c8]
Event: 779.027 Thread 0x00000000165fd000 13095       2       java.util.StringJoiner::toString (65 bytes)
Event: 779.028 Thread 0x00000000165fd000 nmethod 13095 0x0000000004acf950 code [0x0000000004acfb00, 0x0000000004acfe48]
Event: 779.028 Thread 0x00000000165fd000 13096       2       java.util.StringJoiner::prepareBuilder (45 bytes)
Event: 779.029 Thread 0x00000000165fd000 nmethod 13096 0x0000000004acf390 code [0x0000000004acf500, 0x0000000004acf7f8]
Event: 779.039 Thread 0x00000000165fd000 13097       2       java.util.StringJoiner::<init> (10 bytes)

GC Heap History (10 events):
Event: 15.979 GC heap before
{Heap before GC invocations=15 (full 2):
 PSYoungGen      total 168960K, used 57678K [0x00000000e0000000, 0x00000000ec300000, 0x0000000100000000)
  eden space 153088K, 27% used [0x00000000e0000000,0x00000000e28d7eb8,0x00000000e9580000)
  from space 15872K, 99% used [0x00000000eaa80000,0x00000000eb9fb9b8,0x00000000eba00000)
  to   space 21504K, 0% used [0x00000000e9580000,0x00000000e9580000,0x00000000eaa80000)
 ParOldGen       total 56832K, used 28422K [0x00000000a0000000, 0x00000000a3780000, 0x00000000e0000000)
  object space 56832K, 50% used [0x00000000a0000000,0x00000000a1bc1890,0x00000000a3780000)
 Metaspace       used 57548K, capacity 59100K, committed 59160K, reserved 1099776K
  class space    used 7886K, capacity 8286K, committed 8320K, reserved 1048576K
Event: 16.081 GC heap after
Heap after GC invocations=15 (full 2):
 PSYoungGen      total 174592K, used 3402K [0x00000000e0000000, 0x00000000ef300000, 0x0000000100000000)
  eden space 153088K, 0% used [0x00000000e0000000,0x00000000e0000000,0x00000000e9580000)
  from space 21504K, 15% used [0x00000000e9580000,0x00000000e98d2910,0x00000000eaa80000)
  to   space 20992K, 0% used [0x00000000ede80000,0x00000000ede80000,0x00000000ef300000)
 ParOldGen       total 56832K, used 44200K [0x00000000a0000000, 0x00000000a3780000, 0x00000000e0000000)
  object space 56832K, 77% used [0x00000000a0000000,0x00000000a2b2a278,0x00000000a3780000)
 Metaspace       used 57548K, capacity 59100K, committed 59160K, reserved 1099776K
  class space    used 7886K, capacity 8286K, committed 8320K, reserved 1048576K
}
Event: 16.081 GC heap before
{Heap before GC invocations=16 (full 3):
 PSYoungGen      total 174592K, used 3402K [0x00000000e0000000, 0x00000000ef300000, 0x0000000100000000)
  eden space 153088K, 0% used [0x00000000e0000000,0x00000000e0000000,0x00000000e9580000)
  from space 21504K, 15% used [0x00000000e9580000,0x00000000e98d2910,0x00000000eaa80000)
  to   space 20992K, 0% used [0x00000000ede80000,0x00000000ede80000,0x00000000ef300000)
 ParOldGen       total 56832K, used 44200K [0x00000000a0000000, 0x00000000a3780000, 0x00000000e0000000)
  object space 56832K, 77% used [0x00000000a0000000,0x00000000a2b2a278,0x00000000a3780000)
 Metaspace       used 57548K, capacity 59100K, committed 59160K, reserved 1099776K
  class space    used 7886K, capacity 8286K, committed 8320K, reserved 1048576K
Event: 16.547 GC heap after
Heap after GC invocations=16 (full 3):
 PSYoungGen      total 174592K, used 0K [0x00000000e0000000, 0x00000000ef300000, 0x0000000100000000)
  eden space 153088K, 0% used [0x00000000e0000000,0x00000000e0000000,0x00000000e9580000)
  from space 21504K, 0% used [0x00000000e9580000,0x00000000e9580000,0x00000000eaa80000)
  to   space 20992K, 0% used [0x00000000ede80000,0x00000000ede80000,0x00000000ef300000)
 ParOldGen       total 95232K, used 34954K [0x00000000a0000000, 0x00000000a5d00000, 0x00000000e0000000)
  object space 95232K, 36% used [0x00000000a0000000,0x00000000a2222b28,0x00000000a5d00000)
 Metaspace       used 57548K, capacity 59100K, committed 59160K, reserved 1099776K
  class space    used 7886K, capacity 8286K, committed 8320K, reserved 1048576K
}
Event: 29.002 GC heap before
{Heap before GC invocations=17 (full 3):
 PSYoungGen      total 174592K, used 153088K [0x00000000e0000000, 0x00000000ef300000, 0x0000000100000000)
  eden space 153088K, 100% used [0x00000000e0000000,0x00000000e9580000,0x00000000e9580000)
  from space 21504K, 0% used [0x00000000e9580000,0x00000000e9580000,0x00000000eaa80000)
  to   space 20992K, 0% used [0x00000000ede80000,0x00000000ede80000,0x00000000ef300000)
 ParOldGen       total 95232K, used 34954K [0x00000000a0000000, 0x00000000a5d00000, 0x00000000e0000000)
  object space 95232K, 36% used [0x00000000a0000000,0x00000000a2222b28,0x00000000a5d00000)
 Metaspace       used 64419K, capacity 66488K, committed 66816K, reserved 1107968K
  class space    used 8585K, capacity 9110K, committed 9216K, reserved 1048576K
Event: 29.030 GC heap after
Heap after GC invocations=17 (full 3):
 PSYoungGen      total 204800K, used 11097K [0x00000000e0000000, 0x00000000ee980000, 0x0000000100000000)
  eden space 193536K, 0% used [0x00000000e0000000,0x00000000e0000000,0x00000000ebd00000)
  from space 11264K, 98% used [0x00000000ede80000,0x00000000ee9566d8,0x00000000ee980000)
  to   space 20992K, 0% used [0x00000000ec080000,0x00000000ec080000,0x00000000ed500000)
 ParOldGen       total 95232K, used 34962K [0x00000000a0000000, 0x00000000a5d00000, 0x00000000e0000000)
  object space 95232K, 36% used [0x00000000a0000000,0x00000000a2224b28,0x00000000a5d00000)
 Metaspace       used 64419K, capacity 66488K, committed 66816K, reserved 1107968K
  class space    used 8585K, capacity 9110K, committed 9216K, reserved 1048576K
}
Event: 702.689 GC heap before
{Heap before GC invocations=18 (full 3):
 PSYoungGen      total 204800K, used 204633K [0x00000000e0000000, 0x00000000ee980000, 0x0000000100000000)
  eden space 193536K, 100% used [0x00000000e0000000,0x00000000ebd00000,0x00000000ebd00000)
  from space 11264K, 98% used [0x00000000ede80000,0x00000000ee9566d8,0x00000000ee980000)
  to   space 20992K, 0% used [0x00000000ec080000,0x00000000ec080000,0x00000000ed500000)
 ParOldGen       total 95232K, used 34962K [0x00000000a0000000, 0x00000000a5d00000, 0x00000000e0000000)
  object space 95232K, 36% used [0x00000000a0000000,0x00000000a2224b28,0x00000000a5d00000)
 Metaspace       used 69422K, capacity 71854K, committed 72064K, reserved 1112064K
  class space    used 9079K, capacity 9734K, committed 9856K, reserved 1048576K
Event: 702.732 GC heap after
Heap after GC invocations=18 (full 3):
 PSYoungGen      total 218112K, used 13091K [0x00000000e0000000, 0x00000000f1000000, 0x0000000100000000)
  eden space 197120K, 0% used [0x00000000e0000000,0x00000000e0000000,0x00000000ec080000)
  from space 20992K, 62% used [0x00000000ec080000,0x00000000ecd48f50,0x00000000ed500000)
  to   space 20992K, 0% used [0x00000000efb80000,0x00000000efb80000,0x00000000f1000000)
 ParOldGen       total 95232K, used 34970K [0x00000000a0000000, 0x00000000a5d00000, 0x00000000e0000000)
  object space 95232K, 36% used [0x00000000a0000000,0x00000000a2226b28,0x00000000a5d00000)
 Metaspace       used 69422K, capacity 71854K, committed 72064K, reserved 1112064K
  class space    used 9079K, capacity 9734K, committed 9856K, reserved 1048576K
}
Event: 769.304 GC heap before
{Heap before GC invocations=19 (full 3):
 PSYoungGen      total 218112K, used 210211K [0x00000000e0000000, 0x00000000f1000000, 0x0000000100000000)
  eden space 197120K, 100% used [0x00000000e0000000,0x00000000ec080000,0x00000000ec080000)
  from space 20992K, 62% used [0x00000000ec080000,0x00000000ecd48f50,0x00000000ed500000)
  to   space 20992K, 0% used [0x00000000efb80000,0x00000000efb80000,0x00000000f1000000)
 ParOldGen       total 95232K, used 34970K [0x00000000a0000000, 0x00000000a5d00000, 0x00000000e0000000)
  object space 95232K, 36% used [0x00000000a0000000,0x00000000a2226b28,0x00000000a5d00000)
 Metaspace       used 74953K, capacity 77686K, committed 77824K, reserved 1116160K
  class space    used 9790K, capacity 10462K, committed 10496K, reserved 1048576K
Event: 769.377 GC heap after
Heap after GC invocations=19 (full 3):
 PSYoungGen      total 252416K, used 20974K [0x00000000e0000000, 0x00000000f1780000, 0x0000000100000000)
  eden space 231424K, 0% used [0x00000000e0000000,0x00000000e0000000,0x00000000ee200000)
  from space 20992K, 99% used [0x00000000efb80000,0x00000000f0ffbbe0,0x00000000f1000000)
  to   space 26112K, 0% used [0x00000000ee200000,0x00000000ee200000,0x00000000efb80000)
 ParOldGen       total 95232K, used 39002K [0x00000000a0000000, 0x00000000a5d00000, 0x00000000e0000000)
  object space 95232K, 40% used [0x00000000a0000000,0x00000000a2616be8,0x00000000a5d00000)
 Metaspace       used 74953K, capacity 77686K, committed 77824K, reserved 1116160K
  class space    used 9790K, capacity 10462K, committed 10496K, reserved 1048576K
}

Deoptimization events (10 events):
Event: 773.736 Thread 0x000000001af6d800 Uncommon trap: reason=unstable_if action=reinterpret pc=0x00000000045b9620 method=java.nio.Bits.putInt(Ljava/nio/ByteBuffer;IIZ)V @ 1
Event: 774.356 Thread 0x000000001af6d000 Uncommon trap: reason=unstable_if action=reinterpret pc=0x0000000003415bf0 method=java.util.Arrays.hashCode([Ljava/lang/Object;)I @ 1
Event: 774.383 Thread 0x000000001af6d000 Uncommon trap: reason=unstable_if action=reinterpret pc=0x00000000050cebdc method=com.android.tools.r8.utils.IdentifierUtils.isSimpleNameChar(I)Z @ 27
Event: 775.609 Thread 0x000000001af71800 Uncommon trap: reason=unstable_if action=reinterpret pc=0x00000000050d62cc method=com.android.tools.r8.utils.IdentifierUtils.isSimpleNameChar(I)Z @ 27
Event: 776.739 Thread 0x000000001f7b9000 Uncommon trap: reason=unstable_if action=reinterpret pc=0x0000000005127ef0 method=java.util.Arrays.equals([B[B)Z @ 41
Event: 776.740 Thread 0x000000001f7b9000 Uncommon trap: reason=unstable_if action=reinterpret pc=0x00000000050f1be0 method=java.util.Arrays.equals([B[B)Z @ 41
Event: 777.139 Thread 0x000000001f7be800 Uncommon trap: reason=unloaded action=reinterpret pc=0x00000000051c72b4 method=com.android.tools.r8.code.BaseInstructionFactory.create(IILcom/android/tools/r8/code/BytecodeStream;Lcom/android/tools/r8/graph/OffsetToObjectMapping;)Lcom/android/tools/r8/cod
Event: 777.402 Thread 0x000000001f7be800 Uncommon trap: reason=unstable_if action=reinterpret pc=0x0000000005113f00 method=com.android.tools.r8.utils.IdentifierUtils.isSimpleNameChar(I)Z @ 45
Event: 777.625 Thread 0x000000001f7be800 Uncommon trap: reason=null_check action=make_not_entrant pc=0x000000000522da34 method=com.android.tools.r8.dex.DexParser.debugInfoAt(I)Lcom/android/tools/r8/graph/DexDebugInfo; @ 11
Event: 777.705 Thread 0x000000001f7be800 Uncommon trap: reason=unstable_if action=reinterpret pc=0x0000000003728560 method=java.util.zip.ZipEntry.setExtra0([BZ)V @ 32

Classes redefined (0 events):
No events

Internal exceptions (10 events):
Event: 778.131 Thread 0x000000001f7ba000 Exception <a 'sun/nio/fs/WindowsException'> (0x00000000eba5e2e8) thrown at [D:\src\AOSP-openjdk-cygwin\jdk8u\hotspot\src\share\vm\prims\jni.cpp, line 709]
Event: 778.155 Thread 0x000000001f7c3800 Exception <a 'sun/nio/fs/WindowsException'> (0x00000000ebb03db8) thrown at [D:\src\AOSP-openjdk-cygwin\jdk8u\hotspot\src\share\vm\prims\jni.cpp, line 709]
Event: 778.160 Thread 0x000000001f7c6800 Exception <a 'sun/nio/fs/WindowsException'> (0x00000000ebb5c868) thrown at [D:\src\AOSP-openjdk-cygwin\jdk8u\hotspot\src\share\vm\prims\jni.cpp, line 709]
Event: 778.287 Thread 0x000000001f7c6800 Exception <a 'sun/nio/fs/WindowsException'> (0x00000000ebb81590) thrown at [D:\src\AOSP-openjdk-cygwin\jdk8u\hotspot\src\share\vm\prims\jni.cpp, line 709]
Event: 778.294 Thread 0x000000001f7b8800 Exception <a 'sun/nio/fs/WindowsException'> (0x00000000ebf82450) thrown at [D:\src\AOSP-openjdk-cygwin\jdk8u\hotspot\src\share\vm\prims\jni.cpp, line 709]
Event: 778.315 Thread 0x000000001f7ba000 Exception <a 'sun/nio/fs/WindowsException'> (0x00000000ec003cc8) thrown at [D:\src\AOSP-openjdk-cygwin\jdk8u\hotspot\src\share\vm\prims\jni.cpp, line 709]
Event: 778.318 Thread 0x000000001f7c6800 Exception <a 'sun/nio/fs/WindowsException'> (0x00000000ebb8fff0) thrown at [D:\src\AOSP-openjdk-cygwin\jdk8u\hotspot\src\share\vm\prims\jni.cpp, line 709]
Event: 778.332 Thread 0x000000001f7c0800 Exception <a 'sun/nio/fs/WindowsException'> (0x00000000ec0cea30) thrown at [D:\src\AOSP-openjdk-cygwin\jdk8u\hotspot\src\share\vm\prims\jni.cpp, line 709]
Event: 778.345 Thread 0x000000001f7b8800 Exception <a 'sun/nio/fs/WindowsException'> (0x00000000ebf94df8) thrown at [D:\src\AOSP-openjdk-cygwin\jdk8u\hotspot\src\share\vm\prims\jni.cpp, line 709]
Event: 778.353 Thread 0x000000001f7ba800 Exception <a 'sun/nio/fs/WindowsException'> (0x00000000ec143b70) thrown at [D:\src\AOSP-openjdk-cygwin\jdk8u\hotspot\src\share\vm\prims\jni.cpp, line 709]

Events (10 events):
Event: 778.971 Thread 0x000000001af71800 DEOPT PACKING pc=0x00000000031e6ac2 sp=0x000000002396e170
Event: 778.971 Thread 0x000000001af71800 DEOPT UNPACKING pc=0x0000000002f171d0 sp=0x000000002396df80 mode 0
Event: 778.985 Thread 0x000000001af71800 DEOPT PACKING pc=0x0000000003d50b27 sp=0x000000002396e4b0
Event: 778.985 Thread 0x000000001af71800 DEOPT UNPACKING pc=0x0000000002f171d0 sp=0x000000002396e1f0 mode 0
Event: 778.991 Thread 0x000000001f7b8800 DEOPT PACKING pc=0x0000000004d82e7a sp=0x000000002491e9d0
Event: 778.991 Thread 0x000000001f7b8800 DEOPT UNPACKING pc=0x0000000002f171d0 sp=0x000000002491e710 mode 0
Event: 778.996 Thread 0x000000001f7b8800 DEOPT PACKING pc=0x0000000004c0379a sp=0x000000002491ea10
Event: 778.996 Thread 0x000000001f7b8800 DEOPT UNPACKING pc=0x0000000002f171d0 sp=0x000000002491e740 mode 0
Event: 779.000 Thread 0x000000001f7b8800 DEOPT PACKING pc=0x00000000036c1960 sp=0x000000002491ec90
Event: 779.000 Thread 0x000000001f7b8800 DEOPT UNPACKING pc=0x0000000002f171d0 sp=0x000000002491ea88 mode 0


Dynamic libraries:
0x00007ff7e0970000 - 0x00007ff7e09a1000 	C:\Program Files\Android\Android Studio\jre\bin\java.exe
0x00007ffcbc480000 - 0x00007ffcbc641000 	C:\Windows\SYSTEM32\ntdll.dll
0x00007ffcb9c80000 - 0x00007ffcb9d2d000 	C:\Windows\system32\KERNEL32.DLL
0x00007ffcb9920000 - 0x00007ffcb9afd000 	C:\Windows\system32\KERNELBASE.dll
0x00007ffcb9ff0000 - 0x00007ffcba096000 	C:\Windows\system32\ADVAPI32.dll
0x00007ffcb9d30000 - 0x00007ffcb9dcd000 	C:\Windows\system32\msvcrt.dll
0x00007ffcbbe80000 - 0x00007ffcbbedb000 	C:\Windows\system32\sechost.dll
0x00007ffcbc060000 - 0x00007ffcbc186000 	C:\Windows\system32\RPCRT4.dll
0x00007ffcbbd20000 - 0x00007ffcbbe6e000 	C:\Windows\system32\USER32.dll
0x00007ffcbba40000 - 0x00007ffcbbbc6000 	C:\Windows\system32\GDI32.dll
0x00007ffcb1d60000 - 0x00007ffcb1fd4000 	C:\Windows\WinSxS\amd64_microsoft.windows.common-controls_6595b64144ccf1df_6.0.10240.16384_none_f41f7b285750ef43\COMCTL32.dll
0x00007ffcb9c40000 - 0x00007ffcb9c76000 	C:\Windows\system32\IMM32.DLL
0x00007ffcba270000 - 0x00007ffcba3cc000 	C:\Windows\system32\MSCTF.dll
0x000000006b500000 - 0x000000006b5d2000 	C:\Program Files\Android\Android Studio\jre\jre\bin\msvcr100.dll
0x000000006ac70000 - 0x000000006b4b1000 	C:\Program Files\Android\Android Studio\jre\jre\bin\server\jvm.dll
0x00007ffcbbe70000 - 0x00007ffcbbe78000 	C:\Windows\system32\PSAPI.DLL
0x00007ffcb5de0000 - 0x00007ffcb5de9000 	C:\Windows\SYSTEM32\WSOCK32.dll
0x00007ffcb0d40000 - 0x00007ffcb0d63000 	C:\Windows\SYSTEM32\WINMM.dll
0x00007ffcbbee0000 - 0x00007ffcbbf49000 	C:\Windows\system32\WS2_32.dll
0x00007ffcb9c30000 - 0x00007ffcb9c38000 	C:\Windows\system32\NSI.dll
0x00007ffcb20c0000 - 0x00007ffcb20ca000 	C:\Windows\SYSTEM32\VERSION.dll
0x00007ffcb0d10000 - 0x00007ffcb0d3c000 	C:\Windows\SYSTEM32\WINMMBASE.dll
0x00007ffcb9b00000 - 0x00007ffcb9b44000 	C:\Windows\system32\cfgmgr32.dll
0x00007ffcb7820000 - 0x00007ffcb7847000 	C:\Windows\SYSTEM32\DEVOBJ.dll
0x00007ffcb5dd0000 - 0x00007ffcb5ddf000 	C:\Program Files\Android\Android Studio\jre\jre\bin\verify.dll
0x00007ffcb4a50000 - 0x00007ffcb4a79000 	C:\Program Files\Android\Android Studio\jre\jre\bin\java.dll
0x00007ffcb5db0000 - 0x00007ffcb5dc6000 	C:\Program Files\Android\Android Studio\jre\jre\bin\zip.dll
0x00007ffcba450000 - 0x00007ffcbb972000 	C:\Windows\system32\SHELL32.dll
0x00007ffcb9240000 - 0x00007ffcb9869000 	C:\Windows\system32\windows.storage.dll
0x00007ffcbc190000 - 0x00007ffcbc40c000 	C:\Windows\system32\combase.dll
0x00007ffcbbf50000 - 0x00007ffcbbfa1000 	C:\Windows\system32\shlwapi.dll
0x00007ffcb8f20000 - 0x00007ffcb8f2f000 	C:\Windows\system32\kernel.appcore.dll
0x00007ffcb8fb0000 - 0x00007ffcb9063000 	C:\Windows\system32\shcore.dll
0x00007ffcb8eb0000 - 0x00007ffcb8efa000 	C:\Windows\system32\powrprof.dll
0x00007ffcb8f30000 - 0x00007ffcb8f43000 	C:\Windows\system32\profapi.dll
0x00007ffca7960000 - 0x00007ffca797a000 	C:\Program Files\Android\Android Studio\jre\jre\bin\net.dll
0x00007ffcb8720000 - 0x00007ffcb877d000 	C:\Windows\system32\mswsock.dll
0x00007ffca7940000 - 0x00007ffca7951000 	C:\Program Files\Android\Android Studio\jre\jre\bin\nio.dll
0x00007ffca07b0000 - 0x00007ffca07ce000 	C:\Users\test\.gradle\caches\4.10.1\native\25\windows-amd64\native-platform.dll
0x00007ffcaf920000 - 0x00007ffcaf92d000 	C:\Program Files\Android\Android Studio\jre\jre\bin\management.dll
0x00007ffcb8780000 - 0x00007ffcb8797000 	C:\Windows\SYSTEM32\CRYPTSP.dll
0x00007ffcb89f0000 - 0x00007ffcb8a18000 	C:\Windows\SYSTEM32\bcrypt.dll
0x00007ffcb83d0000 - 0x00007ffcb8403000 	C:\Windows\system32\rsaenh.dll
0x00007ffcb8570000 - 0x00007ffcb858f000 	C:\Windows\SYSTEM32\USERENV.dll
0x00007ffcb8d00000 - 0x00007ffcb8d6b000 	C:\Windows\system32\bcryptprimitives.dll
0x00007ffcb88f0000 - 0x00007ffcb88fb000 	C:\Windows\SYSTEM32\CRYPTBASE.dll
0x00007ffcb5ad0000 - 0x00007ffcb5b08000 	C:\Windows\SYSTEM32\IPHLPAPI.DLL
0x00007ffcb5ab0000 - 0x00007ffcb5abb000 	C:\Windows\SYSTEM32\WINNSI.DLL
0x00007ffcb4e30000 - 0x00007ffcb4e46000 	C:\Windows\SYSTEM32\dhcpcsvc6.DLL
0x00007ffcb5190000 - 0x00007ffcb51aa000 	C:\Windows\SYSTEM32\dhcpcsvc.DLL

VM Arguments:
jvm_args: -Xmx1536m -Dfile.encoding=windows-1252 -Duser.country=US -Duser.language=en -Duser.variant 
java_command: org.gradle.launcher.daemon.bootstrap.GradleDaemon 4.10.1
java_class_path (initial): C:\Users\test\.gradle\caches\4.10.1\wrapper\dists\gradle-4.10.1-all\455itskqi2qtf0v2sja68alqd\gradle-4.10.1\lib\gradle-launcher-4.10.1.jar
Launcher Type: SUN_STANDARD

Environment Variables:
PATH=C:\Program Files (x86)\Common Files\Oracle\Java\javapath;C:\Windows\system32;C:\Windows;C:\Windows\System32\Wbem;C:\Windows\System32\WindowsPowerShell\v1.0\;C:\Program Files\Microsoft\Web Platform Installer\;C:\Program Files (x86)\Microsoft ASP.NET\ASP.NET Web Pages\v1.0\;C:\Program Files\Microsoft SQL Server\110\Tools\Binn\
USERNAME=test
OS=Windows_NT
PROCESSOR_IDENTIFIER=Intel64 Family 6 Model 23 Stepping 10, GenuineIntel



---------------  S Y S T E M  ---------------

OS: Windows 10.0 , 64 bit Build 10240 (10.0.10240.16384)

CPU:total 2 (initial active 2) (2 cores per cpu, 1 threads per core) family 6 model 23 stepping 10, cmov, cx8, fxsr, mmx, sse, sse2, sse3, ssse3, sse4.1, tsc

Memory: 4k page, physical 4092172k(367296k free), swap 4092172k(3092k free)

vm_info: OpenJDK 64-Bit Server VM (25.152-b01) for windows-amd64 JRE (1.8.0_152-release-1248-b01), built by "builder" with MS VC++ 10.0 (VS2010)

time: Fri Mar 29 17:46:10 2019
elapsed time: 779 seconds (0d 0h 12m 59s)

