#
# There is insufficient memory for the Java Runtime Environment to continue.
# Native memory allocation (malloc) failed to allocate 1371856 bytes for Chunk::new
# Possible reasons:
#   The system is out of physical RAM or swap space
#   In 32 bit mode, the process size limit was hit
# Possible solutions:
#   Reduce memory load on the system
#   Increase physical memory or swap space
#   Check if swap backing store is full
#   Use 64 bit Java on a 64 bit OS
#   Decrease Java heap size (-Xmx/-Xms)
#   Decrease number of Java threads
#   Decrease Java thread stack sizes (-Xss)
#   Set larger code cache with -XX:ReservedCodeCacheSize=
# This output file may be truncated or incomplete.
#
#  Out of Memory Error (allocation.cpp:390), pid=3080, tid=0x00000000000007a8
#
# JRE version: OpenJDK Runtime Environment (8.0_152-b01) (build 1.8.0_152-release-1248-b01)
# Java VM: OpenJDK 64-Bit Server VM (25.152-b01 mixed mode windows-amd64 compressed oops)
# Failed to write core dump. Minidumps are not enabled by default on client versions of Windows
#

---------------  T H R E A D  ---------------

Current thread (0x00000000157b8800):  JavaThread "C2 CompilerThread0" daemon [_thread_in_native, id=1960, stack(0x00000000167e0000,0x00000000168e0000)]

Stack: [0x00000000167e0000,0x00000000168e0000]
[error occurred during error reporting (printing stack bounds), id 0xc0000005]

Native frames: (J=compiled Java code, j=interpreted, Vv=VM code, C=native code)


Current CompileTask:
C2:3482468 17222   !   4       com.sun.beans.TypeResolver::resolve (274 bytes)


---------------  P R O C E S S  ---------------

Java Threads: ( => current thread )
  0x0000000021159800 JavaThread "Build operations Thread 2" [_thread_blocked, id=4248, stack(0x000000001fc20000,0x000000001fd20000)]
  0x0000000021160000 JavaThread "Build operations" [_thread_blocked, id=2776, stack(0x000000001fb20000,0x000000001fc20000)]
  0x0000000021158800 JavaThread "Cache worker for cache directory md-rule (C:\Users\test\.gradle\caches\4.10.1\caches\4.10.1\md-rule)" [_thread_blocked, id=5888, stack(0x000000001fa20000,0x000000001fb20000)]
  0x000000002115f800 JavaThread "Cache worker for cache directory md-supplier (C:\Users\test\.gradle\caches\4.10.1\caches\4.10.1\md-supplier)" [_thread_blocked, id=1744, stack(0x000000001ce40000,0x000000001cf40000)]
  0x000000002115b800 JavaThread "Cache worker for file hash cache (C:\Users\test\Daktari\.gradle\4.10.1\fileHashes)" [_thread_blocked, id=2548, stack(0x000000001aba0000,0x000000001aca0000)]
  0x000000002115b000 JavaThread "Stdin handler" [_thread_blocked, id=2088, stack(0x00000000196d0000,0x00000000197d0000)]
  0x000000002115e800 JavaThread "Asynchronous log dispatcher for DefaultDaemonConnection: socket connection from /127.0.0.1:64784 to /127.0.0.1:52246" [_thread_blocked, id=4532, stack(0x00000000195d0000,0x00000000196d0000)]
  0x000000002115e000 JavaThread "Daemon worker Thread 3" [_thread_in_vm, id=4232, stack(0x00000000192d0000,0x00000000193d0000)]
  0x000000002115a000 JavaThread "Cancel handler" [_thread_blocked, id=4280, stack(0x0000000018fd0000,0x00000000190d0000)]
  0x000000002115c800 JavaThread "Handler for socket connection from /127.0.0.1:64784 to /127.0.0.1:52246" [_thread_in_native, id=960, stack(0x0000000001c30000,0x0000000001d30000)]
  0x000000002115d000 JavaThread "Daemon Thread 3" [_thread_blocked, id=2000, stack(0x00000000003b0000,0x00000000004b0000)]
  0x000000001ba13000 JavaThread "pool-1-thread-1" [_thread_blocked, id=5420, stack(0x000000001c170000,0x000000001c270000)]
  0x000000001ba11800 JavaThread "Cache worker for Java compile cache (C:\Users\test\.gradle\caches\4.10.1\caches\4.10.1\javaCompile)" [_thread_blocked, id=5900, stack(0x0000000020320000,0x0000000020420000)]
  0x000000001aada800 JavaThread "Cache worker for file content cache (C:\Users\test\.gradle\caches\4.10.1\caches\4.10.1\fileContent)" [_thread_blocked, id=3692, stack(0x000000001f920000,0x000000001fa20000)]
  0x000000001aadc000 JavaThread "Memory manager" [_thread_blocked, id=616, stack(0x000000001e640000,0x000000001e740000)]
  0x000000001820a800 JavaThread "Cache worker for Artifact transforms cache (C:\Users\test\.gradle\caches\4.10.1\caches\transforms-1)" [_thread_blocked, id=4640, stack(0x000000001cb40000,0x000000001cc40000)]
  0x000000001820c000 JavaThread "Cache worker for journal cache (C:\Users\test\.gradle\caches\4.10.1\caches\journal-1)" [_thread_blocked, id=864, stack(0x000000001aca0000,0x000000001ada0000)]
  0x0000000018210800 JavaThread "File lock request listener" [_thread_in_native, id=1136, stack(0x0000000019ad0000,0x0000000019bd0000)]
  0x000000001814b800 JavaThread "Cache worker for file hash cache (C:\Users\test\.gradle\caches\4.10.1\caches\4.10.1\fileHashes)" [_thread_blocked, id=2808, stack(0x00000000199d0000,0x0000000019ad0000)]
  0x0000000017faf800 JavaThread "Daemon periodic checks" [_thread_blocked, id=4468, stack(0x0000000018ed0000,0x0000000018fd0000)]
  0x0000000017f7d800 JavaThread "Incoming local TCP Connector on port 64784" [_thread_in_native, id=3652, stack(0x0000000018cf0000,0x0000000018df0000)]
  0x0000000015823800 JavaThread "Service Thread" daemon [_thread_blocked, id=3856, stack(0x00000000169e0000,0x0000000016ae0000)]
  0x00000000157bd000 JavaThread "C1 CompilerThread1" daemon [_thread_blocked, id=3556, stack(0x00000000168e0000,0x00000000169e0000)]
=>0x00000000157b8800 JavaThread "C2 CompilerThread0" daemon [_thread_in_native, id=1960, stack(0x00000000167e0000,0x00000000168e0000)]
  0x00000000157b7000 JavaThread "Attach Listener" daemon [_thread_blocked, id=3396, stack(0x00000000166e0000,0x00000000167e0000)]
  0x00000000157b4000 JavaThread "Signal Dispatcher" daemon [_thread_blocked, id=5008, stack(0x00000000165e0000,0x00000000166e0000)]
  0x00000000157a7800 JavaThread "Finalizer" daemon [_thread_blocked, id=5364, stack(0x0000000016400000,0x0000000016500000)]
  0x000000000207c800 JavaThread "Reference Handler" daemon [_thread_blocked, id=2812, stack(0x0000000016300000,0x0000000016400000)]
  0x0000000001e8d800 JavaThread "main" [_thread_blocked, id=4948, stack(0x0000000001e90000,0x0000000001f90000)]

Other Threads:
  0x0000000015785800 VMThread [stack: 0x0000000016200000,0x0000000016300000] [id=1980]
  0x0000000015826000 WatcherThread [stack: 0x0000000016ae0000,0x0000000016be0000] [id=176]

VM state:not at safepoint (normal execution)

VM Mutex/Monitor currently owned by a thread: None

Heap:
 PSYoungGen      total 419840K, used 78414K [0x00000000e0000000, 0x00000000fce80000, 0x0000000100000000)
  eden space 392704K, 16% used [0x00000000e0000000,0x00000000e3e1f5f8,0x00000000f7f80000)
  from space 27136K, 54% used [0x00000000f7f80000,0x00000000f8df44d8,0x00000000f9a00000)
  to   space 26112K, 0% used [0x00000000fb500000,0x00000000fb500000,0x00000000fce80000)
 ParOldGen       total 92672K, used 31880K [0x00000000a0000000, 0x00000000a5a80000, 0x00000000e0000000)
  object space 92672K, 34% used [0x00000000a0000000,0x00000000a1f22208,0x00000000a5a80000)
 Metaspace       used 92694K, capacity 96212K, committed 96552K, reserved 1132544K
  class space    used 11789K, capacity 12506K, committed 12592K, reserved 1048576K

Card table byte_map: [0x0000000011450000,0x0000000011760000] byte_map_base: 0x0000000010f50000

Marking Bits: (ParMarkBitMap*) 0x000000005e925aa0
 Begin Bits: [0x0000000011b60000, 0x0000000013360000)
 End Bits:   [0x0000000013360000, 0x0000000014b60000)

Polling page: 0x0000000000670000

CodeCache: size=245760Kb used=45280Kb max_used=45280Kb free=200479Kb
 bounds [0x0000000002090000, 0x0000000004d00000, 0x0000000011090000]
 total_blobs=14841 nmethods=13988 adapters=764
 compilation: enabled

Compilation events (10 events):
Event: 3481.052 Thread 0x00000000157bd000 17271       3       kotlin.text.Regex::matches (18 bytes)
Event: 3481.053 Thread 0x00000000157bd000 nmethod 17271 0x0000000004cf91d0 code [0x0000000004cf9360, 0x0000000004cf97e8]
Event: 3481.054 Thread 0x00000000157bd000 17272       3       kotlin.text.StringsKt__StringsKt::removePrefix (51 bytes)
Event: 3481.054 Thread 0x00000000157bd000 nmethod 17272 0x0000000004cf9990 code [0x0000000004cf9b60, 0x0000000004cfa0f8]
Event: 3481.054 Thread 0x00000000157bd000 17273       3       kotlin.text.StringsKt__StringsKt::removeSuffix (60 bytes)
Event: 3481.055 Thread 0x00000000157bd000 nmethod 17273 0x0000000004cfa390 code [0x0000000004cfa580, 0x0000000004cfac38]
Event: 3481.055 Thread 0x00000000157bd000 17274       1       com.android.tools.build.jetifier.processor.transform.TransformationContext::getVersions (5 bytes)
Event: 3481.055 Thread 0x00000000157bd000 nmethod 17274 0x0000000004cfaf50 code [0x0000000004cfb0a0, 0x0000000004cfb1b0]
Event: 3481.131 Thread 0x00000000157bd000 17275       3       org.gradle.internal.reflect.JavaReflectionUtil::getWrapperTypeForPrimitiveType (101 bytes)
Event: 3481.132 Thread 0x00000000157bd000 nmethod 17275 0x0000000004cfb210 code [0x0000000004cfb4a0, 0x0000000004cfc5b8]

GC Heap History (10 events):
Event: 207.585 GC heap before
{Heap before GC invocations=18 (full 3):
 PSYoungGen      total 339968K, used 337111K [0x00000000e0000000, 0x00000000f6900000, 0x0000000100000000)
  eden space 317440K, 100% used [0x00000000e0000000,0x00000000f3600000,0x00000000f3600000)
  from space 22528K, 87% used [0x00000000f5300000,0x00000000f6635c60,0x00000000f6900000)
  to   space 26112K, 0% used [0x00000000f3600000,0x00000000f3600000,0x00000000f4f80000)
 ParOldGen       total 92672K, used 31848K [0x00000000a0000000, 0x00000000a5a80000, 0x00000000e0000000)
  object space 92672K, 34% used [0x00000000a0000000,0x00000000a1f1a208,0x00000000a5a80000)
 Metaspace       used 82102K, capacity 85090K, committed 85160K, reserved 1124352K
  class space    used 10512K, capacity 11149K, committed 11184K, reserved 1048576K
Event: 207.630 GC heap after
Heap after GC invocations=18 (full 3):
 PSYoungGen      total 343552K, used 12601K [0x00000000e0000000, 0x00000000f9000000, 0x0000000100000000)
  eden space 317440K, 0% used [0x00000000e0000000,0x00000000e0000000,0x00000000f3600000)
  from space 26112K, 48% used [0x00000000f3600000,0x00000000f424e7b0,0x00000000f4f80000)
  to   space 25088K, 0% used [0x00000000f7780000,0x00000000f7780000,0x00000000f9000000)
 ParOldGen       total 92672K, used 31856K [0x00000000a0000000, 0x00000000a5a80000, 0x00000000e0000000)
  object space 92672K, 34% used [0x00000000a0000000,0x00000000a1f1c208,0x00000000a5a80000)
 Metaspace       used 82102K, capacity 85090K, committed 85160K, reserved 1124352K
  class space    used 10512K, capacity 11149K, committed 11184K, reserved 1048576K
}
Event: 210.366 GC heap before
{Heap before GC invocations=19 (full 3):
 PSYoungGen      total 343552K, used 330041K [0x00000000e0000000, 0x00000000f9000000, 0x0000000100000000)
  eden space 317440K, 100% used [0x00000000e0000000,0x00000000f3600000,0x00000000f3600000)
  from space 26112K, 48% used [0x00000000f3600000,0x00000000f424e7b0,0x00000000f4f80000)
  to   space 25088K, 0% used [0x00000000f7780000,0x00000000f7780000,0x00000000f9000000)
 ParOldGen       total 92672K, used 31856K [0x00000000a0000000, 0x00000000a5a80000, 0x00000000e0000000)
  object space 92672K, 34% used [0x00000000a0000000,0x00000000a1f1c208,0x00000000a5a80000)
 Metaspace       used 82255K, capacity 85264K, committed 85416K, reserved 1124352K
  class space    used 10514K, capacity 11152K, committed 11184K, reserved 1048576K
Event: 210.440 GC heap after
Heap after GC invocations=19 (full 3):
 PSYoungGen      total 385024K, used 13165K [0x00000000e0000000, 0x00000000f9580000, 0x0000000100000000)
  eden space 359936K, 0% used [0x00000000e0000000,0x00000000e0000000,0x00000000f5f80000)
  from space 25088K, 52% used [0x00000000f7780000,0x00000000f845b6b8,0x00000000f9000000)
  to   space 24576K, 0% used [0x00000000f5f80000,0x00000000f5f80000,0x00000000f7780000)
 ParOldGen       total 92672K, used 31856K [0x00000000a0000000, 0x00000000a5a80000, 0x00000000e0000000)
  object space 92672K, 34% used [0x00000000a0000000,0x00000000a1f1c208,0x00000000a5a80000)
 Metaspace       used 82255K, capacity 85264K, committed 85416K, reserved 1124352K
  class space    used 10514K, capacity 11152K, committed 11184K, reserved 1048576K
}
Event: 217.590 GC heap before
{Heap before GC invocations=20 (full 3):
 PSYoungGen      total 385024K, used 373101K [0x00000000e0000000, 0x00000000f9580000, 0x0000000100000000)
  eden space 359936K, 100% used [0x00000000e0000000,0x00000000f5f80000,0x00000000f5f80000)
  from space 25088K, 52% used [0x00000000f7780000,0x00000000f845b6b8,0x00000000f9000000)
  to   space 24576K, 0% used [0x00000000f5f80000,0x00000000f5f80000,0x00000000f7780000)
 ParOldGen       total 92672K, used 31856K [0x00000000a0000000, 0x00000000a5a80000, 0x00000000e0000000)
  object space 92672K, 34% used [0x00000000a0000000,0x00000000a1f1c208,0x00000000a5a80000)
 Metaspace       used 82658K, capacity 85710K, committed 86056K, reserved 1124352K
  class space    used 10548K, capacity 11201K, committed 11312K, reserved 1048576K
Event: 217.771 GC heap after
Heap after GC invocations=20 (full 3):
 PSYoungGen      total 384512K, used 21593K [0x00000000e0000000, 0x00000000fbb00000, 0x0000000100000000)
  eden space 359936K, 0% used [0x00000000e0000000,0x00000000e0000000,0x00000000f5f80000)
  from space 24576K, 87% used [0x00000000f5f80000,0x00000000f7496720,0x00000000f7780000)
  to   space 26624K, 0% used [0x00000000fa100000,0x00000000fa100000,0x00000000fbb00000)
 ParOldGen       total 92672K, used 31864K [0x00000000a0000000, 0x00000000a5a80000, 0x00000000e0000000)
  object space 92672K, 34% used [0x00000000a0000000,0x00000000a1f1e208,0x00000000a5a80000)
 Metaspace       used 82658K, capacity 85710K, committed 86056K, reserved 1124352K
  class space    used 10548K, capacity 11201K, committed 11312K, reserved 1048576K
}
Event: 259.204 GC heap before
{Heap before GC invocations=21 (full 3):
 PSYoungGen      total 384512K, used 381529K [0x00000000e0000000, 0x00000000fbb00000, 0x0000000100000000)
  eden space 359936K, 100% used [0x00000000e0000000,0x00000000f5f80000,0x00000000f5f80000)
  from space 24576K, 87% used [0x00000000f5f80000,0x00000000f7496720,0x00000000f7780000)
  to   space 26624K, 0% used [0x00000000fa100000,0x00000000fa100000,0x00000000fbb00000)
 ParOldGen       total 92672K, used 31864K [0x00000000a0000000, 0x00000000a5a80000, 0x00000000e0000000)
  object space 92672K, 34% used [0x00000000a0000000,0x00000000a1f1e208,0x00000000a5a80000)
 Metaspace       used 83840K, capacity 86952K, committed 87208K, reserved 1124352K
  class space    used 10662K, capacity 11332K, committed 11440K, reserved 1048576K
Event: 259.246 GC heap after
Heap after GC invocations=21 (full 3):
 PSYoungGen      total 412672K, used 16433K [0x00000000e0000000, 0x00000000fb480000, 0x0000000100000000)
  eden space 392704K, 0% used [0x00000000e0000000,0x00000000e0000000,0x00000000f7f80000)
  from space 19968K, 82% used [0x00000000fa100000,0x00000000fb10c530,0x00000000fb480000)
  to   space 27136K, 0% used [0x00000000f7f80000,0x00000000f7f80000,0x00000000f9a00000)
 ParOldGen       total 92672K, used 31872K [0x00000000a0000000, 0x00000000a5a80000, 0x00000000e0000000)
  object space 92672K, 34% used [0x00000000a0000000,0x00000000a1f20208,0x00000000a5a80000)
 Metaspace       used 83840K, capacity 86952K, committed 87208K, reserved 1124352K
  class space    used 10662K, capacity 11332K, committed 11440K, reserved 1048576K
}
Event: 3479.225 GC heap before
{Heap before GC invocations=22 (full 3):
 PSYoungGen      total 412672K, used 409137K [0x00000000e0000000, 0x00000000fb480000, 0x0000000100000000)
  eden space 392704K, 100% used [0x00000000e0000000,0x00000000f7f80000,0x00000000f7f80000)
  from space 19968K, 82% used [0x00000000fa100000,0x00000000fb10c530,0x00000000fb480000)
  to   space 27136K, 0% used [0x00000000f7f80000,0x00000000f7f80000,0x00000000f9a00000)
 ParOldGen       total 92672K, used 31872K [0x00000000a0000000, 0x00000000a5a80000, 0x00000000e0000000)
  object space 92672K, 34% used [0x00000000a0000000,0x00000000a1f20208,0x00000000a5a80000)
 Metaspace       used 87672K, capacity 91094K, committed 91304K, reserved 1128448K
  class space    used 11225K, capacity 11945K, committed 11952K, reserved 1048576K
Event: 3479.281 GC heap after
Heap after GC invocations=22 (full 3):
 PSYoungGen      total 419840K, used 14801K [0x00000000e0000000, 0x00000000fce80000, 0x0000000100000000)
  eden space 392704K, 0% used [0x00000000e0000000,0x00000000e0000000,0x00000000f7f80000)
  from space 27136K, 54% used [0x00000000f7f80000,0x00000000f8df44d8,0x00000000f9a00000)
  to   space 26112K, 0% used [0x00000000fb500000,0x00000000fb500000,0x00000000fce80000)
 ParOldGen       total 92672K, used 31880K [0x00000000a0000000, 0x00000000a5a80000, 0x00000000e0000000)
  object space 92672K, 34% used [0x00000000a0000000,0x00000000a1f22208,0x00000000a5a80000)
 Metaspace       used 87672K, capacity 91094K, committed 91304K, reserved 1128448K
  class space    used 11225K, capacity 11945K, committed 11952K, reserved 1048576K
}

Deoptimization events (10 events):
Event: 3476.815 Thread 0x000000002115e000 Uncommon trap: reason=unstable_if action=reinterpret pc=0x00000000023877e4 method=java.util.Calendar.setTimeInMillis(J)V @ 27
Event: 3477.217 Thread 0x000000002115e000 Uncommon trap: reason=predicate action=maybe_recompile pc=0x00000000035eac54 method=sun.util.calendar.ZoneInfo.getTransitionIndex(JI)I @ 19
Event: 3477.233 Thread 0x000000002115e000 Uncommon trap: reason=unstable_if action=reinterpret pc=0x000000000306c534 method=org.gradle.internal.file.DefaultFileHierarchySet$Node.isChildOfOrThis(Ljava/lang/String;I)Z @ 23
Event: 3478.140 Thread 0x000000002115e000 Uncommon trap: reason=unstable_if action=reinterpret pc=0x0000000002abc3f8 method=org.gradle.internal.file.DefaultFileHierarchySet$Node.isChildOfOrThis(Ljava/lang/String;I)Z @ 23
Event: 3478.202 Thread 0x000000002115e000 Uncommon trap: reason=unstable_if action=reinterpret pc=0x0000000003e56b24 method=java.util.concurrent.ConcurrentHashMap.replaceNode(Ljava/lang/Object;Ljava/lang/Object;Ljava/lang/Object;)Ljava/lang/Object; @ 246
Event: 3479.835 Thread 0x000000002115e000 Uncommon trap: reason=class_check action=maybe_recompile pc=0x0000000003f4ba64 method=java.util.AbstractMap.isEmpty()Z @ 1
Event: 3480.304 Thread 0x000000002115e000 Uncommon trap: reason=unstable_if action=reinterpret pc=0x0000000002bba88c method=java.util.Arrays.equals([B[B)Z @ 23
Event: 3480.313 Thread 0x000000002115e000 Uncommon trap: reason=speculate_class_check action=maybe_recompile pc=0x00000000038d06fc method=java.nio.charset.CharsetEncoder.reset()Ljava/nio/charset/CharsetEncoder; @ 1
Event: 3480.316 Thread 0x000000002115e000 Uncommon trap: reason=class_check action=maybe_recompile pc=0x0000000003448998 method=java.lang.StringCoding.encode(Ljava/nio/charset/Charset;[CII)[B @ 1
Event: 3481.010 Thread 0x000000002115e000 Uncommon trap: reason=class_check action=maybe_recompile pc=0x0000000003f4ba64 method=java.util.AbstractMap.isEmpty()Z @ 1

Classes redefined (0 events):
No events

Internal exceptions (10 events):
Event: 3480.601 Thread 0x000000002115e000 Exception <a 'java/security/PrivilegedActionException'> (0x00000000e2a3c928) thrown at [D:\src\AOSP-openjdk-cygwin\jdk8u\hotspot\src\share\vm\prims\jvm.cpp, line 1390]
Event: 3480.601 Thread 0x000000002115e000 Exception <a 'java/security/PrivilegedActionException'> (0x00000000e2a3d6a8) thrown at [D:\src\AOSP-openjdk-cygwin\jdk8u\hotspot\src\share\vm\prims\jvm.cpp, line 1390]
Event: 3480.602 Thread 0x000000002115e000 Exception <a 'java/security/PrivilegedActionException'> (0x00000000e2a407d0) thrown at [D:\src\AOSP-openjdk-cygwin\jdk8u\hotspot\src\share\vm\prims\jvm.cpp, line 1390]
Event: 3480.602 Thread 0x000000002115e000 Exception <a 'java/security/PrivilegedActionException'> (0x00000000e2a41550) thrown at [D:\src\AOSP-openjdk-cygwin\jdk8u\hotspot\src\share\vm\prims\jvm.cpp, line 1390]
Event: 3480.602 Thread 0x000000002115e000 Exception <a 'java/security/PrivilegedActionException'> (0x00000000e2a44858) thrown at [D:\src\AOSP-openjdk-cygwin\jdk8u\hotspot\src\share\vm\prims\jvm.cpp, line 1390]
Event: 3480.602 Thread 0x000000002115e000 Exception <a 'java/security/PrivilegedActionException'> (0x00000000e2a455d8) thrown at [D:\src\AOSP-openjdk-cygwin\jdk8u\hotspot\src\share\vm\prims\jvm.cpp, line 1390]
Event: 3480.625 Thread 0x000000002115e000 Exception <a 'java/lang/ClassNotFoundException': com/android/build/gradle/internal/api/DefaultAndroidSourceSet_DecoratedBeanInfo> (0x00000000e2a66d08) thrown at [D:\src\AOSP-openjdk-cygwin\jdk8u\hotspot\src\share\vm\classfile\systemDictionary.cpp, line 21
Event: 3480.626 Thread 0x000000002115e000 Exception <a 'java/lang/ClassNotFoundException': com/android/build/gradle/internal/api/DefaultAndroidSourceSetBeanInfo> (0x00000000e2a81ee0) thrown at [D:\src\AOSP-openjdk-cygwin\jdk8u\hotspot\src\share\vm\classfile\systemDictionary.cpp, line 210]
Event: 3480.627 Thread 0x000000002115e000 Exception <a 'java/lang/ClassNotFoundException': com/android/build/gradle/internal/api/DefaultAndroidSourceSetCustomizer> (0x00000000e2a9d178) thrown at [D:\src\AOSP-openjdk-cygwin\jdk8u\hotspot\src\share\vm\classfile\systemDictionary.cpp, line 210]
Event: 3480.631 Thread 0x000000002115e000 Exception <a 'java/lang/ClassNotFoundException': com/android/build/gradle/internal/api/DefaultAndroidSourceSet_DecoratedCustomizer> (0x00000000e2b10e30) thrown at [D:\src\AOSP-openjdk-cygwin\jdk8u\hotspot\src\share\vm\classfile\systemDictionary.cpp, line 

Events (10 events):
Event: 3481.107 loading class com/android/build/gradle/BasePlugin$UnsupportedAction
Event: 3481.107 loading class com/android/build/gradle/BasePlugin$UnsupportedAction done
Event: 3481.113 loading class com/android/build/gradle/internal/dsl/BuildType$PostprocessingConfiguration
Event: 3481.113 loading class com/android/build/gradle/internal/dsl/BuildType$PostprocessingConfiguration done
Event: 3481.114 loading class com/android/build/gradle/internal/dsl/PostprocessingOptions
Event: 3481.114 loading class com/android/build/gradle/internal/dsl/PostprocessingOptions done
Event: 3481.136 loading class com/android/build/gradle/internal/dsl/BuildType$1
Event: 3481.136 loading class com/android/build/gradle/internal/dsl/BuildType$1 done
Event: 3481.137 loading class com/android/build/gradle/internal/scope/CodeShrinker
Event: 3481.137 loading class com/android/build/gradle/internal/scope/CodeShrinker done


Dynamic libraries:
0x00007ff656680000 - 0x00007ff6566b1000 	C:\Program Files\Android\Android Studio\jre\bin\java.exe
0x00007ffcef130000 - 0x00007ffcef2f1000 	C:\Windows\SYSTEM32\ntdll.dll
0x00007ffceca10000 - 0x00007ffcecabd000 	C:\Windows\system32\KERNEL32.DLL
0x00007ffcec510000 - 0x00007ffcec6ed000 	C:\Windows\system32\KERNELBASE.dll
0x00007ffceccb0000 - 0x00007ffcecd56000 	C:\Windows\system32\ADVAPI32.dll
0x00007ffceecb0000 - 0x00007ffceed4d000 	C:\Windows\system32\msvcrt.dll
0x00007ffcecc50000 - 0x00007ffceccab000 	C:\Windows\system32\sechost.dll
0x00007ffceef30000 - 0x00007ffcef056000 	C:\Windows\system32\RPCRT4.dll
0x00007ffcee800000 - 0x00007ffcee94e000 	C:\Windows\system32\USER32.dll
0x00007ffcecac0000 - 0x00007ffcecc46000 	C:\Windows\system32\GDI32.dll
0x00007ffce3d10000 - 0x00007ffce3f84000 	C:\Windows\WinSxS\amd64_microsoft.windows.common-controls_6595b64144ccf1df_6.0.10240.16384_none_f41f7b285750ef43\COMCTL32.dll
0x00007ffcece30000 - 0x00007ffcece66000 	C:\Windows\system32\IMM32.DLL
0x00007ffceedd0000 - 0x00007ffceef2c000 	C:\Windows\system32\MSCTF.dll
0x000000005d980000 - 0x000000005da52000 	C:\Program Files\Android\Android Studio\jre\jre\bin\msvcr100.dll
0x000000005e160000 - 0x000000005e9a1000 	C:\Program Files\Android\Android Studio\jre\jre\bin\server\jvm.dll
0x00007ffcef060000 - 0x00007ffcef068000 	C:\Windows\system32\PSAPI.DLL
0x00007ffce4550000 - 0x00007ffce4559000 	C:\Windows\SYSTEM32\WSOCK32.dll
0x00007ffceed50000 - 0x00007ffceedb9000 	C:\Windows\system32\WS2_32.dll
0x00007ffce4120000 - 0x00007ffce4143000 	C:\Windows\SYSTEM32\WINMM.dll
0x00007ffceedc0000 - 0x00007ffceedc8000 	C:\Windows\system32\NSI.dll
0x00007ffce3fa0000 - 0x00007ffce3faa000 	C:\Windows\SYSTEM32\VERSION.dll
0x00007ffce40f0000 - 0x00007ffce411c000 	C:\Windows\SYSTEM32\WINMMBASE.dll
0x00007ffcec6f0000 - 0x00007ffcec734000 	C:\Windows\system32\cfgmgr32.dll
0x00007ffcea4d0000 - 0x00007ffcea4f7000 	C:\Windows\SYSTEM32\DEVOBJ.dll
0x00007ffce4540000 - 0x00007ffce454f000 	C:\Program Files\Android\Android Studio\jre\jre\bin\verify.dll
0x00007ffcda2d0000 - 0x00007ffcda2f9000 	C:\Program Files\Android\Android Studio\jre\jre\bin\java.dll
0x00007ffce4520000 - 0x00007ffce4536000 	C:\Program Files\Android\Android Studio\jre\jre\bin\zip.dll
0x00007ffcece70000 - 0x00007ffcee392000 	C:\Windows\system32\SHELL32.dll
0x00007ffcebee0000 - 0x00007ffcec509000 	C:\Windows\system32\windows.storage.dll
0x00007ffcee3d0000 - 0x00007ffcee64c000 	C:\Windows\system32\combase.dll
0x00007ffcef0d0000 - 0x00007ffcef121000 	C:\Windows\system32\shlwapi.dll
0x00007ffcebb60000 - 0x00007ffcebb6f000 	C:\Windows\system32\kernel.appcore.dll
0x00007ffcec740000 - 0x00007ffcec7f3000 	C:\Windows\system32\shcore.dll
0x00007ffcebbb0000 - 0x00007ffcebbfa000 	C:\Windows\system32\powrprof.dll
0x00007ffcebb70000 - 0x00007ffcebb83000 	C:\Windows\system32\profapi.dll
0x00007ffcda2b0000 - 0x00007ffcda2ca000 	C:\Program Files\Android\Android Studio\jre\jre\bin\net.dll
0x00007ffceb3d0000 - 0x00007ffceb42d000 	C:\Windows\system32\mswsock.dll
0x00007ffcda290000 - 0x00007ffcda2a1000 	C:\Program Files\Android\Android Studio\jre\jre\bin\nio.dll
0x00007ffcd1080000 - 0x00007ffcd109e000 	C:\Users\test\.gradle\caches\4.10.1\native\25\windows-amd64\native-platform.dll
0x00007ffcda280000 - 0x00007ffcda28d000 	C:\Program Files\Android\Android Studio\jre\jre\bin\management.dll
0x00007ffceb430000 - 0x00007ffceb447000 	C:\Windows\SYSTEM32\CRYPTSP.dll
0x00007ffceb6a0000 - 0x00007ffceb6c8000 	C:\Windows\SYSTEM32\bcrypt.dll
0x00007ffceb080000 - 0x00007ffceb0b3000 	C:\Windows\system32\rsaenh.dll
0x00007ffceb170000 - 0x00007ffceb18f000 	C:\Windows\SYSTEM32\USERENV.dll
0x00007ffceb9b0000 - 0x00007ffceba1b000 	C:\Windows\system32\bcryptprimitives.dll
0x00007ffceb5a0000 - 0x00007ffceb5ab000 	C:\Windows\SYSTEM32\CRYPTBASE.dll
0x00007ffce73c0000 - 0x00007ffce73f8000 	C:\Windows\SYSTEM32\IPHLPAPI.DLL
0x00007ffce73b0000 - 0x00007ffce73bb000 	C:\Windows\SYSTEM32\WINNSI.DLL
0x00007ffce7110000 - 0x00007ffce7126000 	C:\Windows\SYSTEM32\dhcpcsvc6.DLL
0x00007ffce70f0000 - 0x00007ffce710a000 	C:\Windows\SYSTEM32\dhcpcsvc.DLL
0x00007ffceaf00000 - 0x00007ffceaf32000 	C:\Windows\SYSTEM32\ntmarta.dll

VM Arguments:
jvm_args: -Xmx1536m -Dfile.encoding=windows-1252 -Duser.country=US -Duser.language=en -Duser.variant 
java_command: org.gradle.launcher.daemon.bootstrap.GradleDaemon 4.10.1
java_class_path (initial): C:\Users\test\.gradle\caches\4.10.1\wrapper\dists\gradle-4.10.1-all\455itskqi2qtf0v2sja68alqd\gradle-4.10.1\lib\gradle-launcher-4.10.1.jar
Launcher Type: SUN_STANDARD

Environment Variables:
PATH=C:\Program Files (x86)\Common Files\Oracle\Java\javapath;C:\Windows\system32;C:\Windows;C:\Windows\System32\Wbem;C:\Windows\System32\WindowsPowerShell\v1.0\;C:\Program Files\Microsoft\Web Platform Installer\;C:\Program Files (x86)\Microsoft ASP.NET\ASP.NET Web Pages\v1.0\;C:\Program Files\Microsoft SQL Server\110\Tools\Binn\
USERNAME=test
OS=Windows_NT
PROCESSOR_IDENTIFIER=Intel64 Family 6 Model 23 Stepping 10, GenuineIntel



---------------  S Y S T E M  ---------------

OS: Windows 10.0 , 64 bit Build 10240 (10.0.10240.16384)

CPU:total 2 (initial active 2) (2 cores per cpu, 1 threads per core) family 6 model 23 stepping 10, cmov, cx8, fxsr, mmx, sse, sse2, sse3, ssse3, sse4.1, tsc

Memory: 4k page, physical 4092172k(687460k free), swap 4092172k(5368k free)

vm_info: OpenJDK 64-Bit Server VM (25.152-b01) for windows-amd64 JRE (1.8.0_152-release-1248-b01), built by "builder" with MS VC++ 10.0 (VS2010)

time: Sat Mar 30 03:26:58 2019
elapsed time: 3481 seconds (0d 0h 58m 1s)

