#
# There is insufficient memory for the Java Runtime Environment to continue.
# Native memory allocation (malloc) failed to allocate 32744 bytes for ChunkPool::allocate
# Possible reasons:
#   The system is out of physical RAM or swap space
#   In 32 bit mode, the process size limit was hit
# Possible solutions:
#   Reduce memory load on the system
#   Increase physical memory or swap space
#   Check if swap backing store is full
#   Use 64 bit Java on a 64 bit OS
#   Decrease Java heap size (-Xmx/-Xms)
#   Decrease number of Java threads
#   Decrease Java thread stack sizes (-Xss)
#   Set larger code cache with -XX:ReservedCodeCacheSize=
# This output file may be truncated or incomplete.
#
#  Out of Memory Error (allocation.cpp:273), pid=3964, tid=0x0000000000000098
#
# JRE version: OpenJDK Runtime Environment (8.0_152-b01) (build 1.8.0_152-release-1248-b01)
# Java VM: OpenJDK 64-Bit Server VM (25.152-b01 mixed mode windows-amd64 compressed oops)
# Failed to write core dump. Minidumps are not enabled by default on client versions of Windows
#

---------------  T H R E A D  ---------------

Current thread (0x00000000166c8000):  JavaThread "C2 CompilerThread0" daemon [_thread_in_native, id=152, stack(0x00000000176e0000,0x00000000177e0000)]

Stack: [0x00000000176e0000,0x00000000177e0000]
[error occurred during error reporting (printing stack bounds), id 0xc0000005]

Native frames: (J=compiled Java code, j=interpreted, Vv=VM code, C=native code)


Current CompileTask:
C2:2301608 22090       4       com.android.tools.r8.code.BaseInstructionFactory::create (3362 bytes)


---------------  P R O C E S S  ---------------

Java Threads: ( => current thread )
  0x0000000021f18800 JavaThread "ForkJoinPool-4-worker-13" daemon [_thread_blocked, id=1648, stack(0x0000000026d50000,0x0000000026e50000)]
  0x0000000021f1e800 JavaThread "ForkJoinPool-4-worker-9" daemon [_thread_blocked, id=3944, stack(0x0000000026c50000,0x0000000026d50000)]
  0x0000000021f1e000 JavaThread "ForkJoinPool-4-worker-14" daemon [_thread_blocked, id=4008, stack(0x00000000261d0000,0x00000000262d0000)]
  0x0000000021f1d000 JavaThread "ForkJoinPool-4-worker-12" daemon [_thread_blocked, id=1888, stack(0x00000000260d0000,0x00000000261d0000)]
  0x0000000021f1c800 JavaThread "ForkJoinPool-4-worker-10" daemon [_thread_blocked, id=4448, stack(0x0000000025fd0000,0x00000000260d0000)]
  0x000000001d612800 JavaThread "ForkJoinPool-4-worker-11" daemon [_thread_blocked, id=5540, stack(0x0000000025ed0000,0x0000000025fd0000)]
  0x000000001d611000 JavaThread "ForkJoinPool-4-worker-5" daemon [_thread_blocked, id=3180, stack(0x0000000023ad0000,0x0000000023bd0000)]
  0x000000001a741000 JavaThread "ForkJoinPool-4-worker-7" daemon [_thread_blocked, id=5216, stack(0x0000000025dd0000,0x0000000025ed0000)]
  0x000000001a743800 JavaThread "ForkJoinPool-4-worker-6" daemon [_thread_blocked, id=1848, stack(0x0000000026b50000,0x0000000026c50000)]
  0x000000001a745000 JavaThread "ForkJoinPool-4-worker-4" daemon [_thread_blocked, id=2324, stack(0x0000000026a50000,0x0000000026b50000)]
  0x000000001cd15800 JavaThread "ForkJoinPool-4-worker-3" daemon [_thread_in_vm, id=2816, stack(0x0000000026390000,0x0000000026490000)]
  0x000000001cd14800 JavaThread "ForkJoinPool-4-worker-2" daemon [_thread_blocked, id=3052, stack(0x0000000025cd0000,0x0000000025dd0000)]
  0x000000001cd0d000 JavaThread "ForkJoinPool-4-worker-0" daemon [_thread_blocked, id=2248, stack(0x0000000023fd0000,0x00000000240d0000)]
  0x000000001cd0e800 JavaThread "ForkJoinPool-4-worker-1" daemon [_thread_blocked, id=5936, stack(0x000000001c5a0000,0x000000001c6a0000)]
  0x000000001cd0c800 JavaThread "Cache worker for Java compile cache (C:\Users\test\Daktari\.gradle\4.10.1\javaCompile)" [_thread_blocked, id=5868, stack(0x0000000023460000,0x0000000023560000)]
  0x000000001cd10000 JavaThread "stdout" [_thread_in_native, id=3156, stack(0x0000000023360000,0x0000000023460000)]
  0x000000001d618800 JavaThread "stderr" [_thread_in_native, id=5136, stack(0x0000000023260000,0x0000000023360000)]
  0x000000001d618000 JavaThread "pool-5-thread-1" [_thread_blocked, id=3704, stack(0x0000000023160000,0x0000000023260000)]
  0x000000001d617000 JavaThread "Cache worker for Build Output Cleanup Cache (C:\Users\test\Daktari\.gradle\buildOutputCleanup)" [_thread_blocked, id=5344, stack(0x0000000022c60000,0x0000000022d60000)]
  0x000000001d619800 JavaThread "Cache worker for task history cache (C:\Users\test\Daktari\.gradle\4.10.1\taskHistory)" [_thread_blocked, id=2496, stack(0x0000000022b60000,0x0000000022c60000)]
  0x000000001d60f000 JavaThread "Task worker for ':'" [_thread_blocked, id=5244, stack(0x0000000021890000,0x0000000021990000)]
  0x000000001d61d000 JavaThread "Cache worker for file content cache (C:\Users\test\Daktari\.gradle\4.10.1\fileContent)" [_thread_blocked, id=332, stack(0x0000000021790000,0x0000000021890000)]
  0x000000001d615800 JavaThread "Build operations Thread 2" [_thread_blocked, id=5416, stack(0x0000000020f90000,0x0000000021090000)]
  0x000000001d61c800 JavaThread "Build operations" [_thread_blocked, id=3400, stack(0x000000001efc0000,0x000000001f0c0000)]
  0x000000001d61b800 JavaThread "Cache worker for cache directory md-rule (C:\Users\test\.gradle\caches\4.10.1\caches\4.10.1\md-rule)" [_thread_blocked, id=4544, stack(0x000000001eec0000,0x000000001efc0000)]
  0x000000001d61b000 JavaThread "Cache worker for cache directory md-supplier (C:\Users\test\.gradle\caches\4.10.1\caches\4.10.1\md-supplier)" [_thread_blocked, id=5176, stack(0x000000001dec0000,0x000000001dfc0000)]
  0x000000001d61a000 JavaThread "Cache worker for file hash cache (C:\Users\test\Daktari\.gradle\4.10.1\fileHashes)" [_thread_blocked, id=5828, stack(0x000000001d770000,0x000000001d870000)]
  0x000000001d612000 JavaThread "Asynchronous log dispatcher for DefaultDaemonConnection: socket connection from /127.0.0.1:54960 to /127.0.0.1:55344" [_thread_blocked, id=5396, stack(0x000000001c4a0000,0x000000001c5a0000)]
  0x000000001d613800 JavaThread "Daemon worker Thread 4" [_thread_blocked, id=5412, stack(0x000000001baa0000,0x000000001bba0000)]
  0x000000001d610800 JavaThread "Cancel handler" [_thread_blocked, id=2948, stack(0x000000001a4d0000,0x000000001a5d0000)]
  0x000000001d616800 JavaThread "Handler for socket connection from /127.0.0.1:54960 to /127.0.0.1:55344" [_thread_in_native, id=288, stack(0x000000001a3d0000,0x000000001a4d0000)]
  0x000000001d615000 JavaThread "Daemon Thread 4" [_thread_blocked, id=3604, stack(0x00000000012a0000,0x00000000013a0000)]
  0x000000001d60e000 JavaThread "Cache worker for Java compile cache (C:\Users\test\.gradle\caches\4.10.1\caches\4.10.1\javaCompile)" [_thread_blocked, id=5172, stack(0x00000000239d0000,0x0000000023ad0000)]
  0x000000001cd14000 JavaThread "Cache worker for file content cache (C:\Users\test\.gradle\caches\4.10.1\caches\4.10.1\fileContent)" [_thread_blocked, id=3436, stack(0x0000000021290000,0x0000000021390000)]
  0x000000001cd11800 JavaThread "pool-1-thread-1" [_thread_blocked, id=5076, stack(0x000000001a5d0000,0x000000001a6d0000)]
  0x000000001cd0e000 JavaThread "Memory manager" [_thread_blocked, id=2548, stack(0x0000000020a90000,0x0000000020b90000)]
  0x000000001a745800 JavaThread "Cache worker for Artifact transforms cache (C:\Users\test\.gradle\caches\4.10.1\caches\transforms-1)" [_thread_blocked, id=3600, stack(0x000000001c6a0000,0x000000001c7a0000)]
  0x000000001a740000 JavaThread "Cache worker for journal cache (C:\Users\test\.gradle\caches\4.10.1\caches\journal-1)" [_thread_blocked, id=4556, stack(0x000000001bba0000,0x000000001bca0000)]
  0x000000001b4b4000 JavaThread "File lock request listener" [_thread_in_native, id=5032, stack(0x000000001b9a0000,0x000000001baa0000)]
  0x000000001a86b800 JavaThread "Cache worker for file hash cache (C:\Users\test\.gradle\caches\4.10.1\caches\4.10.1\fileHashes)" [_thread_blocked, id=3380, stack(0x000000001b8a0000,0x000000001b9a0000)]
  0x0000000018e09000 JavaThread "Daemon periodic checks" [_thread_blocked, id=4212, stack(0x0000000019dd0000,0x0000000019ed0000)]
  0x0000000018da8800 JavaThread "Incoming local TCP Connector on port 54960" [_thread_in_native, id=3724, stack(0x0000000019bf0000,0x0000000019cf0000)]
  0x000000001673b800 JavaThread "Service Thread" daemon [_thread_blocked, id=4316, stack(0x00000000178e0000,0x00000000179e0000)]
  0x00000000166cb800 JavaThread "C1 CompilerThread1" daemon [_thread_blocked, id=4484, stack(0x00000000177e0000,0x00000000178e0000)]
=>0x00000000166c8000 JavaThread "C2 CompilerThread0" daemon [_thread_in_native, id=152, stack(0x00000000176e0000,0x00000000177e0000)]
  0x00000000166c6800 JavaThread "Attach Listener" daemon [_thread_blocked, id=192, stack(0x00000000175e0000,0x00000000176e0000)]
  0x0000000002f9e800 JavaThread "Signal Dispatcher" daemon [_thread_blocked, id=188, stack(0x00000000174e0000,0x00000000175e0000)]
  0x00000000166b7800 JavaThread "Finalizer" daemon [_thread_blocked, id=3912, stack(0x0000000017300000,0x0000000017400000)]
  0x0000000002f8c800 JavaThread "Reference Handler" daemon [_thread_blocked, id=32, stack(0x0000000017200000,0x0000000017300000)]
  0x0000000002e9d800 JavaThread "main" [_thread_blocked, id=212, stack(0x0000000002cc0000,0x0000000002dc0000)]

Other Threads:
  0x0000000016696800 VMThread [stack: 0x0000000017100000,0x0000000017200000] [id=156]
  0x000000001673f000 WatcherThread [stack: 0x00000000179e0000,0x0000000017ae0000] [id=3760]

VM state:not at safepoint (normal execution)

VM Mutex/Monitor currently owned by a thread: None

Heap:
 PSYoungGen      total 217600K, used 87829K [0x00000000e0000000, 0x00000000f0200000, 0x0000000100000000)
  eden space 193536K, 45% used [0x00000000e0000000,0x00000000e55c5420,0x00000000ebd00000)
  from space 24064K, 0% used [0x00000000ebd00000,0x00000000ebd00000,0x00000000ed480000)
  to   space 23552K, 0% used [0x00000000eeb00000,0x00000000eeb00000,0x00000000f0200000)
 ParOldGen       total 114688K, used 73375K [0x00000000a0000000, 0x00000000a7000000, 0x00000000e0000000)
  object space 114688K, 63% used [0x00000000a0000000,0x00000000a47a7c98,0x00000000a7000000)
 Metaspace       used 98049K, capacity 101920K, committed 102232K, reserved 1138688K
  class space    used 12201K, capacity 12996K, committed 13144K, reserved 1048576K

Card table byte_map: [0x0000000012360000,0x0000000012670000] byte_map_base: 0x0000000011e60000

Marking Bits: (ParMarkBitMap*) 0x000000006b435aa0
 Begin Bits: [0x0000000012a70000, 0x0000000014270000)
 End Bits:   [0x0000000014270000, 0x0000000015a70000)

Polling page: 0x0000000001160000

CodeCache: size=245760Kb used=60946Kb max_used=60946Kb free=184813Kb
 bounds [0x0000000002fa0000, 0x0000000006b80000, 0x0000000011fa0000]
 total_blobs=19255 nmethods=18346 adapters=820
 compilation: enabled

Compilation events (10 events):
Event: 2300.420 Thread 0x00000000166cb800 22137       3       java.util.TimSort::mergeHi (732 bytes)
Event: 2300.423 Thread 0x00000000166cb800 nmethod 22137 0x0000000006b69290 code [0x0000000006b695c0, 0x0000000006b6b7f8]
Event: 2300.452 Thread 0x00000000166cb800 22138       3       com.android.tools.r8.ir.conversion.IRConverter::convertMethodsToDex (57 bytes)
Event: 2300.454 Thread 0x00000000166cb800 nmethod 22138 0x0000000006b6c650 code [0x0000000006b6c860, 0x0000000006b6d4d8]
Event: 2300.460 Thread 0x00000000166cb800 22139       2       java.nio.file.FileAlreadyExistsException::<init> (8 bytes)
Event: 2300.460 Thread 0x00000000166cb800 nmethod 22139 0x0000000006b6db10 code [0x0000000006b6dc80, 0x0000000006b6de48]
Event: 2300.483 Thread 0x00000000166cb800 22141 %     3       com.android.tools.r8.utils.ProgramClassCollection::create @ 15 (65 bytes)
Event: 2300.484 Thread 0x00000000166cb800 nmethod 22141% 0x0000000006b6df50 code [0x0000000006b6e180, 0x0000000006b6ee88]
Event: 2300.484 Thread 0x00000000166cb800 22142       3       com.android.tools.r8.utils.ProgramClassCollection::create (65 bytes)
Event: 2300.485 Thread 0x00000000166cb800 nmethod 22142 0x0000000006b6f510 code [0x0000000006b6f740, 0x0000000006b70388]

GC Heap History (10 events):
Event: 2290.617 GC heap before
{Heap before GC invocations=34 (full 4):
 PSYoungGen      total 200704K, used 177590K [0x00000000e0000000, 0x00000000eed00000, 0x0000000100000000)
  eden space 175104K, 100% used [0x00000000e0000000,0x00000000eab00000,0x00000000eab00000)
  from space 25600K, 9% used [0x00000000eab00000,0x00000000ead6dbe8,0x00000000ec400000)
  to   space 25088K, 0% used [0x00000000ed480000,0x00000000ed480000,0x00000000eed00000)
 ParOldGen       total 114688K, used 52812K [0x00000000a0000000, 0x00000000a7000000, 0x00000000e0000000)
  object space 114688K, 46% used [0x00000000a0000000,0x00000000a3393278,0x00000000a7000000)
 Metaspace       used 97304K, capacity 101194K, committed 101336K, reserved 1138688K
  class space    used 12153K, capacity 12963K, committed 13016K, reserved 1048576K
Event: 2290.662 GC heap after
Heap after GC invocations=34 (full 4):
 PSYoungGen      total 218624K, used 6281K [0x00000000e0000000, 0x00000000ef000000, 0x0000000100000000)
  eden space 193536K, 0% used [0x00000000e0000000,0x00000000e0000000,0x00000000ebd00000)
  from space 25088K, 25% used [0x00000000ed480000,0x00000000edaa26d8,0x00000000eed00000)
  to   space 24064K, 0% used [0x00000000ebd00000,0x00000000ebd00000,0x00000000ed480000)
 ParOldGen       total 114688K, used 52820K [0x00000000a0000000, 0x00000000a7000000, 0x00000000e0000000)
  object space 114688K, 46% used [0x00000000a0000000,0x00000000a3395278,0x00000000a7000000)
 Metaspace       used 97304K, capacity 101194K, committed 101336K, reserved 1138688K
  class space    used 12153K, capacity 12963K, committed 13016K, reserved 1048576K
}
Event: 2292.788 GC heap before
{Heap before GC invocations=35 (full 4):
 PSYoungGen      total 218624K, used 199817K [0x00000000e0000000, 0x00000000ef000000, 0x0000000100000000)
  eden space 193536K, 100% used [0x00000000e0000000,0x00000000ebd00000,0x00000000ebd00000)
  from space 25088K, 25% used [0x00000000ed480000,0x00000000edaa26d8,0x00000000eed00000)
  to   space 24064K, 0% used [0x00000000ebd00000,0x00000000ebd00000,0x00000000ed480000)
 ParOldGen       total 114688K, used 52820K [0x00000000a0000000, 0x00000000a7000000, 0x00000000e0000000)
  object space 114688K, 46% used [0x00000000a0000000,0x00000000a3395278,0x00000000a7000000)
 Metaspace       used 97421K, capacity 101322K, committed 101592K, reserved 1138688K
  class space    used 12154K, capacity 12963K, committed 13016K, reserved 1048576K
Event: 2292.804 GC heap after
Heap after GC invocations=35 (full 4):
 PSYoungGen      total 217600K, used 1280K [0x00000000e0000000, 0x00000000f0200000, 0x0000000100000000)
  eden space 193536K, 0% used [0x00000000e0000000,0x00000000e0000000,0x00000000ebd00000)
  from space 24064K, 5% used [0x00000000ebd00000,0x00000000ebe40010,0x00000000ed480000)
  to   space 23552K, 0% used [0x00000000eeb00000,0x00000000eeb00000,0x00000000f0200000)
 ParOldGen       total 114688K, used 52820K [0x00000000a0000000, 0x00000000a7000000, 0x00000000e0000000)
  object space 114688K, 46% used [0x00000000a0000000,0x00000000a3395278,0x00000000a7000000)
 Metaspace       used 97421K, capacity 101322K, committed 101592K, reserved 1138688K
  class space    used 12154K, capacity 12963K, committed 13016K, reserved 1048576K
}
Event: 2295.369 GC heap before
{Heap before GC invocations=36 (full 4):
 PSYoungGen      total 217600K, used 194816K [0x00000000e0000000, 0x00000000f0200000, 0x0000000100000000)
  eden space 193536K, 100% used [0x00000000e0000000,0x00000000ebd00000,0x00000000ebd00000)
  from space 24064K, 5% used [0x00000000ebd00000,0x00000000ebe40010,0x00000000ed480000)
  to   space 23552K, 0% used [0x00000000eeb00000,0x00000000eeb00000,0x00000000f0200000)
 ParOldGen       total 114688K, used 52820K [0x00000000a0000000, 0x00000000a7000000, 0x00000000e0000000)
  object space 114688K, 46% used [0x00000000a0000000,0x00000000a3395278,0x00000000a7000000)
 Metaspace       used 98006K, capacity 101938K, committed 102232K, reserved 1138688K
  class space    used 12213K, capacity 13019K, committed 13144K, reserved 1048576K
Event: 2295.556 GC heap after
Heap after GC invocations=36 (full 4):
 PSYoungGen      total 217088K, used 23527K [0x00000000e0000000, 0x00000000f0200000, 0x0000000100000000)
  eden space 193536K, 0% used [0x00000000e0000000,0x00000000e0000000,0x00000000ebd00000)
  from space 23552K, 99% used [0x00000000eeb00000,0x00000000f01f9f18,0x00000000f0200000)
  to   space 24064K, 0% used [0x00000000ebd00000,0x00000000ebd00000,0x00000000ed480000)
 ParOldGen       total 114688K, used 86852K [0x00000000a0000000, 0x00000000a7000000, 0x00000000e0000000)
  object space 114688K, 75% used [0x00000000a0000000,0x00000000a54d1180,0x00000000a7000000)
 Metaspace       used 98006K, capacity 101938K, committed 102232K, reserved 1138688K
  class space    used 12213K, capacity 13019K, committed 13144K, reserved 1048576K
}
Event: 2298.389 GC heap before
{Heap before GC invocations=37 (full 4):
 PSYoungGen      total 217088K, used 217063K [0x00000000e0000000, 0x00000000f0200000, 0x0000000100000000)
  eden space 193536K, 100% used [0x00000000e0000000,0x00000000ebd00000,0x00000000ebd00000)
  from space 23552K, 99% used [0x00000000eeb00000,0x00000000f01f9f18,0x00000000f0200000)
  to   space 24064K, 0% used [0x00000000ebd00000,0x00000000ebd00000,0x00000000ed480000)
 ParOldGen       total 114688K, used 86852K [0x00000000a0000000, 0x00000000a7000000, 0x00000000e0000000)
  object space 114688K, 75% used [0x00000000a0000000,0x00000000a54d1180,0x00000000a7000000)
 Metaspace       used 98072K, capacity 102082K, committed 102232K, reserved 1138688K
  class space    used 12217K, capacity 13025K, committed 13144K, reserved 1048576K
Event: 2298.534 GC heap after
Heap after GC invocations=37 (full 4):
 PSYoungGen      total 217600K, used 24049K [0x00000000e0000000, 0x00000000f0200000, 0x0000000100000000)
  eden space 193536K, 0% used [0x00000000e0000000,0x00000000e0000000,0x00000000ebd00000)
  from space 24064K, 99% used [0x00000000ebd00000,0x00000000ed47c520,0x00000000ed480000)
  to   space 23552K, 0% used [0x00000000eeb00000,0x00000000eeb00000,0x00000000f0200000)
 ParOldGen       total 114688K, used 105227K [0x00000000a0000000, 0x00000000a7000000, 0x00000000e0000000)
  object space 114688K, 91% used [0x00000000a0000000,0x00000000a66c2e18,0x00000000a7000000)
 Metaspace       used 98072K, capacity 102082K, committed 102232K, reserved 1138688K
  class space    used 12217K, capacity 13025K, committed 13144K, reserved 1048576K
}
Event: 2298.535 GC heap before
{Heap before GC invocations=38 (full 5):
 PSYoungGen      total 217600K, used 24049K [0x00000000e0000000, 0x00000000f0200000, 0x0000000100000000)
  eden space 193536K, 0% used [0x00000000e0000000,0x00000000e0000000,0x00000000ebd00000)
  from space 24064K, 99% used [0x00000000ebd00000,0x00000000ed47c520,0x00000000ed480000)
  to   space 23552K, 0% used [0x00000000eeb00000,0x00000000eeb00000,0x00000000f0200000)
 ParOldGen       total 114688K, used 105227K [0x00000000a0000000, 0x00000000a7000000, 0x00000000e0000000)
  object space 114688K, 91% used [0x00000000a0000000,0x00000000a66c2e18,0x00000000a7000000)
 Metaspace       used 98072K, capacity 102082K, committed 102232K, reserved 1138688K
  class space    used 12217K, capacity 13025K, committed 13144K, reserved 1048576K
Event: 2299.138 GC heap after
Heap after GC invocations=38 (full 5):
 PSYoungGen      total 217600K, used 0K [0x00000000e0000000, 0x00000000f0200000, 0x0000000100000000)
  eden space 193536K, 0% used [0x00000000e0000000,0x00000000e0000000,0x00000000ebd00000)
  from space 24064K, 0% used [0x00000000ebd00000,0x00000000ebd00000,0x00000000ed480000)
  to   space 23552K, 0% used [0x00000000eeb00000,0x00000000eeb00000,0x00000000f0200000)
 ParOldGen       total 114688K, used 73375K [0x00000000a0000000, 0x00000000a7000000, 0x00000000e0000000)
  object space 114688K, 63% used [0x00000000a0000000,0x00000000a47a7c98,0x00000000a7000000)
 Metaspace       used 98021K, capacity 101916K, committed 102232K, reserved 1138688K
  class space    used 12200K, capacity 12996K, committed 13144K, reserved 1048576K
}

Deoptimization events (10 events):
Event: 2299.628 Thread 0x000000001cd0d000 Uncommon trap: reason=unstable_if action=reinterpret pc=0x0000000006042ae4 method=java.util.concurrent.ForkJoinPool.helpStealer(Ljava/util/concurrent/ForkJoinPool$WorkQueue;Ljava/util/concurrent/ForkJoinTask;)V @ 380
Event: 2299.629 Thread 0x000000001cd14800 Uncommon trap: reason=unstable_if action=reinterpret pc=0x0000000005ce5de4 method=java.util.concurrent.ForkJoinPool.tryCompensate(Ljava/util/concurrent/ForkJoinPool$WorkQueue;)Z @ 161
Event: 2299.629 Thread 0x000000001a741000 Uncommon trap: reason=unstable_if action=reinterpret pc=0x0000000005ce5de4 method=java.util.concurrent.ForkJoinPool.tryCompensate(Ljava/util/concurrent/ForkJoinPool$WorkQueue;)Z @ 161
Event: 2299.629 Thread 0x000000001d612800 Uncommon trap: reason=unstable_if action=reinterpret pc=0x0000000006042abc method=java.util.concurrent.ForkJoinPool.helpStealer(Ljava/util/concurrent/ForkJoinPool$WorkQueue;Ljava/util/concurrent/ForkJoinTask;)V @ 44
Event: 2299.629 Thread 0x0000000021f1c800 Uncommon trap: reason=unstable_if action=reinterpret pc=0x0000000005ce5de4 method=java.util.concurrent.ForkJoinPool.tryCompensate(Ljava/util/concurrent/ForkJoinPool$WorkQueue;)Z @ 161
Event: 2299.781 Thread 0x000000001d612800 Uncommon trap: reason=unstable_if action=reinterpret pc=0x000000000606079c method=java.util.concurrent.ForkJoinPool.helpStealer(Ljava/util/concurrent/ForkJoinPool$WorkQueue;Ljava/util/concurrent/ForkJoinTask;)V @ 95
Event: 2299.899 Thread 0x0000000021f1e000 Uncommon trap: reason=unstable_if action=reinterpret pc=0x0000000005dc8ef0 method=java.util.concurrent.ForkJoinPool.tryCompensate(Ljava/util/concurrent/ForkJoinPool$WorkQueue;)Z @ 59
Event: 2300.386 Thread 0x0000000021f1d000 Uncommon trap: reason=array_check action=maybe_recompile pc=0x0000000006afdce4 method=java.util.TimSort.mergeHi(IIII)V @ 171
Event: 2300.386 Thread 0x0000000021f1d000 Uncommon trap: reason=predicate action=maybe_recompile pc=0x0000000006a70acc method=java.util.TimSort.mergeLo(IIII)V @ 153
Event: 2300.387 Thread 0x0000000021f1d000 Uncommon trap: reason=array_check action=maybe_recompile pc=0x0000000006afdce4 method=java.util.TimSort.mergeHi(IIII)V @ 171

Classes redefined (0 events):
No events

Internal exceptions (10 events):
Event: 2300.370 Thread 0x0000000021f18800 Exception <a 'sun/nio/fs/WindowsException'> (0x00000000e4bf1070) thrown at [D:\src\AOSP-openjdk-cygwin\jdk8u\hotspot\src\share\vm\prims\jni.cpp, line 709]
Event: 2300.372 Thread 0x0000000021f1c800 Exception <a 'sun/nio/fs/WindowsException'> (0x00000000e4d9b4e0) thrown at [D:\src\AOSP-openjdk-cygwin\jdk8u\hotspot\src\share\vm\prims\jni.cpp, line 709]
Event: 2300.374 Thread 0x000000001cd0d000 Exception <a 'sun/nio/fs/WindowsException'> (0x00000000e4e515d8) thrown at [D:\src\AOSP-openjdk-cygwin\jdk8u\hotspot\src\share\vm\prims\jni.cpp, line 709]
Event: 2300.404 Thread 0x0000000021f1d000 Exception <a 'sun/nio/fs/WindowsException'> (0x00000000e508eff0) thrown at [D:\src\AOSP-openjdk-cygwin\jdk8u\hotspot\src\share\vm\prims\jni.cpp, line 709]
Event: 2300.444 Thread 0x000000001a743800 Exception <a 'sun/nio/fs/WindowsException'> (0x00000000e13219e0) thrown at [D:\src\AOSP-openjdk-cygwin\jdk8u\hotspot\src\share\vm\prims\jni.cpp, line 709]
Event: 2300.460 Thread 0x0000000021f1c800 Exception <a 'sun/nio/fs/WindowsException'> (0x00000000e5233460) thrown at [D:\src\AOSP-openjdk-cygwin\jdk8u\hotspot\src\share\vm\prims\jni.cpp, line 709]
Event: 2300.463 Thread 0x000000001cd0e800 Exception <a 'sun/nio/fs/WindowsException'> (0x00000000e0ac41c0) thrown at [D:\src\AOSP-openjdk-cygwin\jdk8u\hotspot\src\share\vm\prims\jni.cpp, line 709]
Event: 2300.465 Thread 0x000000001cd0d000 Exception <a 'sun/nio/fs/WindowsException'> (0x00000000e52d6828) thrown at [D:\src\AOSP-openjdk-cygwin\jdk8u\hotspot\src\share\vm\prims\jni.cpp, line 709]
Event: 2300.467 Thread 0x0000000021f18800 Exception <a 'sun/nio/fs/WindowsException'> (0x00000000e5334938) thrown at [D:\src\AOSP-openjdk-cygwin\jdk8u\hotspot\src\share\vm\prims\jni.cpp, line 709]
Event: 2300.474 Thread 0x0000000021f1e000 Exception <a 'sun/nio/fs/WindowsException'> (0x00000000e2a420d8) thrown at [D:\src\AOSP-openjdk-cygwin\jdk8u\hotspot\src\share\vm\prims\jni.cpp, line 709]

Events (10 events):
Event: 2300.627 Thread 0x000000001cd15800 DEOPT PACKING pc=0x0000000006b6b506 sp=0x000000002648ebf0
Event: 2300.627 Thread 0x000000001cd15800 DEOPT UNPACKING pc=0x0000000002fe71d0 sp=0x000000002648e968 mode 0
Event: 2300.628 Thread 0x000000001cd15800 DEOPT PACKING pc=0x0000000006b6b506 sp=0x000000002648ebf0
Event: 2300.628 Thread 0x000000001cd15800 DEOPT UNPACKING pc=0x0000000002fe71d0 sp=0x000000002648e968 mode 0
Event: 2300.631 Thread 0x000000001cd15800 DEOPT PACKING pc=0x0000000006b6b506 sp=0x000000002648ebf0
Event: 2300.631 Thread 0x000000001cd15800 DEOPT UNPACKING pc=0x0000000002fe71d0 sp=0x000000002648e968 mode 0
Event: 2300.634 Thread 0x000000001cd15800 DEOPT PACKING pc=0x0000000006b6b506 sp=0x000000002648ebf0
Event: 2300.634 Thread 0x000000001cd15800 DEOPT UNPACKING pc=0x0000000002fe71d0 sp=0x000000002648e968 mode 0
Event: 2300.639 Thread 0x000000001cd15800 DEOPT PACKING pc=0x0000000006b6b506 sp=0x000000002648ebf0
Event: 2300.639 Thread 0x000000001cd15800 DEOPT UNPACKING pc=0x0000000002fe71d0 sp=0x000000002648e968 mode 0


Dynamic libraries:
0x00007ff7e0970000 - 0x00007ff7e09a1000 	C:\Program Files\Android\Android Studio\jre\bin\java.exe
0x00007ffcbc480000 - 0x00007ffcbc641000 	C:\Windows\SYSTEM32\ntdll.dll
0x00007ffcb9c80000 - 0x00007ffcb9d2d000 	C:\Windows\system32\KERNEL32.DLL
0x00007ffcb9920000 - 0x00007ffcb9afd000 	C:\Windows\system32\KERNELBASE.dll
0x00007ffcb9ff0000 - 0x00007ffcba096000 	C:\Windows\system32\ADVAPI32.dll
0x00007ffcb9d30000 - 0x00007ffcb9dcd000 	C:\Windows\system32\msvcrt.dll
0x00007ffcbbe80000 - 0x00007ffcbbedb000 	C:\Windows\system32\sechost.dll
0x00007ffcbc060000 - 0x00007ffcbc186000 	C:\Windows\system32\RPCRT4.dll
0x00007ffcbbd20000 - 0x00007ffcbbe6e000 	C:\Windows\system32\USER32.dll
0x00007ffcbba40000 - 0x00007ffcbbbc6000 	C:\Windows\system32\GDI32.dll
0x00007ffcb1d60000 - 0x00007ffcb1fd4000 	C:\Windows\WinSxS\amd64_microsoft.windows.common-controls_6595b64144ccf1df_6.0.10240.16384_none_f41f7b285750ef43\COMCTL32.dll
0x00007ffcb9c40000 - 0x00007ffcb9c76000 	C:\Windows\system32\IMM32.DLL
0x00007ffcba270000 - 0x00007ffcba3cc000 	C:\Windows\system32\MSCTF.dll
0x000000006b500000 - 0x000000006b5d2000 	C:\Program Files\Android\Android Studio\jre\jre\bin\msvcr100.dll
0x000000006ac70000 - 0x000000006b4b1000 	C:\Program Files\Android\Android Studio\jre\jre\bin\server\jvm.dll
0x00007ffcbbe70000 - 0x00007ffcbbe78000 	C:\Windows\system32\PSAPI.DLL
0x00007ffcb5de0000 - 0x00007ffcb5de9000 	C:\Windows\SYSTEM32\WSOCK32.dll
0x00007ffcbbee0000 - 0x00007ffcbbf49000 	C:\Windows\system32\WS2_32.dll
0x00007ffcb9c30000 - 0x00007ffcb9c38000 	C:\Windows\system32\NSI.dll
0x00007ffcb0d40000 - 0x00007ffcb0d63000 	C:\Windows\SYSTEM32\WINMM.dll
0x00007ffcb20c0000 - 0x00007ffcb20ca000 	C:\Windows\SYSTEM32\VERSION.dll
0x00007ffcb0d10000 - 0x00007ffcb0d3c000 	C:\Windows\SYSTEM32\WINMMBASE.dll
0x00007ffcb9b00000 - 0x00007ffcb9b44000 	C:\Windows\system32\cfgmgr32.dll
0x00007ffcb7820000 - 0x00007ffcb7847000 	C:\Windows\SYSTEM32\DEVOBJ.dll
0x00007ffcb5dd0000 - 0x00007ffcb5ddf000 	C:\Program Files\Android\Android Studio\jre\jre\bin\verify.dll
0x00007ffcb4a50000 - 0x00007ffcb4a79000 	C:\Program Files\Android\Android Studio\jre\jre\bin\java.dll
0x00007ffcb5db0000 - 0x00007ffcb5dc6000 	C:\Program Files\Android\Android Studio\jre\jre\bin\zip.dll
0x00007ffcba450000 - 0x00007ffcbb972000 	C:\Windows\system32\SHELL32.dll
0x00007ffcb9240000 - 0x00007ffcb9869000 	C:\Windows\system32\windows.storage.dll
0x00007ffcbc190000 - 0x00007ffcbc40c000 	C:\Windows\system32\combase.dll
0x00007ffcbbf50000 - 0x00007ffcbbfa1000 	C:\Windows\system32\shlwapi.dll
0x00007ffcb8f20000 - 0x00007ffcb8f2f000 	C:\Windows\system32\kernel.appcore.dll
0x00007ffcb8fb0000 - 0x00007ffcb9063000 	C:\Windows\system32\shcore.dll
0x00007ffcb8eb0000 - 0x00007ffcb8efa000 	C:\Windows\system32\powrprof.dll
0x00007ffcb8f30000 - 0x00007ffcb8f43000 	C:\Windows\system32\profapi.dll
0x00007ffca7960000 - 0x00007ffca797a000 	C:\Program Files\Android\Android Studio\jre\jre\bin\net.dll
0x00007ffcb8720000 - 0x00007ffcb877d000 	C:\Windows\system32\mswsock.dll
0x00007ffca7940000 - 0x00007ffca7951000 	C:\Program Files\Android\Android Studio\jre\jre\bin\nio.dll
0x00007ffca07b0000 - 0x00007ffca07ce000 	C:\Users\test\.gradle\caches\4.10.1\native\25\windows-amd64\native-platform.dll
0x00007ffcaf920000 - 0x00007ffcaf92d000 	C:\Program Files\Android\Android Studio\jre\jre\bin\management.dll
0x00007ffcb8780000 - 0x00007ffcb8797000 	C:\Windows\SYSTEM32\CRYPTSP.dll
0x00007ffcb89f0000 - 0x00007ffcb8a18000 	C:\Windows\SYSTEM32\bcrypt.dll
0x00007ffcb83d0000 - 0x00007ffcb8403000 	C:\Windows\system32\rsaenh.dll
0x00007ffcb8570000 - 0x00007ffcb858f000 	C:\Windows\SYSTEM32\USERENV.dll
0x00007ffcb8d00000 - 0x00007ffcb8d6b000 	C:\Windows\system32\bcryptprimitives.dll
0x00007ffcb88f0000 - 0x00007ffcb88fb000 	C:\Windows\SYSTEM32\CRYPTBASE.dll
0x00007ffcb5ad0000 - 0x00007ffcb5b08000 	C:\Windows\SYSTEM32\IPHLPAPI.DLL
0x00007ffcb5ab0000 - 0x00007ffcb5abb000 	C:\Windows\SYSTEM32\WINNSI.DLL
0x00007ffcb4e30000 - 0x00007ffcb4e46000 	C:\Windows\SYSTEM32\dhcpcsvc6.DLL
0x00007ffcb5190000 - 0x00007ffcb51aa000 	C:\Windows\SYSTEM32\dhcpcsvc.DLL
0x00007ffc9e430000 - 0x00007ffc9e454000 	C:\Program Files\Android\Android Studio\jre\jre\bin\sunec.dll
0x00007ffcb84c0000 - 0x00007ffcb8568000 	C:\Windows\SYSTEM32\DNSAPI.dll
0x00007ffcb03b0000 - 0x00007ffcb03ba000 	C:\Windows\System32\rasadhlp.dll
0x00007ffcb56d0000 - 0x00007ffcb5738000 	C:\Windows\System32\fwpuclnt.dll
0x00007ffca3730000 - 0x00007ffca373b000 	C:\Program Files\Android\Android Studio\jre\jre\bin\sunmscapi.dll
0x00007ffcb9070000 - 0x00007ffcb9231000 	C:\Windows\system32\CRYPT32.dll
0x00007ffcb8f00000 - 0x00007ffcb8f11000 	C:\Windows\system32\MSASN1.dll
0x00007ffcb8250000 - 0x00007ffcb8282000 	C:\Windows\SYSTEM32\ntmarta.dll

VM Arguments:
jvm_args: -Xmx1536m -Dfile.encoding=windows-1252 -Duser.country=US -Duser.language=en -Duser.variant 
java_command: org.gradle.launcher.daemon.bootstrap.GradleDaemon 4.10.1
java_class_path (initial): C:\Users\test\.gradle\caches\4.10.1\wrapper\dists\gradle-4.10.1-all\455itskqi2qtf0v2sja68alqd\gradle-4.10.1\lib\gradle-launcher-4.10.1.jar
Launcher Type: SUN_STANDARD

Environment Variables:
PATH=C:\Program Files (x86)\Common Files\Oracle\Java\javapath;C:\Windows\system32;C:\Windows;C:\Windows\System32\Wbem;C:\Windows\System32\WindowsPowerShell\v1.0\;C:\Program Files\Microsoft\Web Platform Installer\;C:\Program Files (x86)\Microsoft ASP.NET\ASP.NET Web Pages\v1.0\;C:\Program Files\Microsoft SQL Server\110\Tools\Binn\
USERNAME=test
OS=Windows_NT
PROCESSOR_IDENTIFIER=Intel64 Family 6 Model 23 Stepping 10, GenuineIntel



---------------  S Y S T E M  ---------------

OS: Windows 10.0 , 64 bit Build 10240 (10.0.10240.16384)

CPU:total 2 (initial active 2) (2 cores per cpu, 1 threads per core) family 6 model 23 stepping 10, cmov, cx8, fxsr, mmx, sse, sse2, sse3, ssse3, sse4.1, tsc

Memory: 4k page, physical 4092172k(271544k free), swap 4092172k(3044k free)

vm_info: OpenJDK 64-Bit Server VM (25.152-b01) for windows-amd64 JRE (1.8.0_152-release-1248-b01), built by "builder" with MS VC++ 10.0 (VS2010)

time: Fri Mar 29 17:32:04 2019
elapsed time: 2300 seconds (0d 0h 38m 20s)

