#
# There is insufficient memory for the Java Runtime Environment to continue.
# Native memory allocation (malloc) failed to allocate 593936 bytes for Chunk::new
# Possible reasons:
#   The system is out of physical RAM or swap space
#   In 32 bit mode, the process size limit was hit
# Possible solutions:
#   Reduce memory load on the system
#   Increase physical memory or swap space
#   Check if swap backing store is full
#   Use 64 bit Java on a 64 bit OS
#   Decrease Java heap size (-Xmx/-Xms)
#   Decrease number of Java threads
#   Decrease Java thread stack sizes (-Xss)
#   Set larger code cache with -XX:ReservedCodeCacheSize=
# This output file may be truncated or incomplete.
#
#  Out of Memory Error (allocation.cpp:390), pid=3752, tid=0x00000000000009f0
#
# JRE version: OpenJDK Runtime Environment (8.0_152-b01) (build 1.8.0_152-release-1248-b01)
# Java VM: OpenJDK 64-Bit Server VM (25.152-b01 mixed mode windows-amd64 compressed oops)
# Failed to write core dump. Minidumps are not enabled by default on client versions of Windows
#

---------------  T H R E A D  ---------------

Current thread (0x0000000015f78000):  JavaThread "C2 CompilerThread0" daemon [_thread_in_native, id=2544, stack(0x0000000016eb0000,0x0000000016fb0000)]

Stack: [0x0000000016eb0000,0x0000000016fb0000]
[error occurred during error reporting (printing stack bounds), id 0xc0000005]

Native frames: (J=compiled Java code, j=interpreted, Vv=VM code, C=native code)


Current CompileTask:
C2:5913715 19538       4       org.gradle.internal.graph.CachingDirectedGraphWalker::doSearch (659 bytes)


---------------  P R O C E S S  ---------------

Java Threads: ( => current thread )
  0x000000001a3a8800 JavaThread "Cache worker for Build Output Cleanup Cache (C:\Users\test\Daktari\.gradle\buildOutputCleanup)" [_thread_blocked, id=6520, stack(0x00000000214b0000,0x00000000215b0000)]
  0x000000001a55e000 JavaThread "Cache worker for task history cache (C:\Users\test\Daktari\.gradle\4.10.1\taskHistory)" [_thread_blocked, id=3404, stack(0x00000000213b0000,0x00000000214b0000)]
  0x000000001a563800 JavaThread "Task worker for ':'" [_thread_blocked, id=5456, stack(0x00000000212b0000,0x00000000213b0000)]
  0x000000001a55d800 JavaThread "Cache worker for file content cache (C:\Users\test\Daktari\.gradle\4.10.1\fileContent)" [_thread_blocked, id=176, stack(0x0000000020fb0000,0x00000000210b0000)]
  0x000000001a562800 JavaThread "Build operations Thread 2" [_thread_blocked, id=3548, stack(0x0000000020eb0000,0x0000000020fb0000)]
  0x000000001a562000 JavaThread "Build operations" [_thread_blocked, id=4280, stack(0x0000000020db0000,0x0000000020eb0000)]
  0x000000001a560800 JavaThread "Cache worker for cache directory md-rule (C:\Users\test\.gradle\caches\4.10.1\caches\4.10.1\md-rule)" [_thread_blocked, id=5460, stack(0x0000000020750000,0x0000000020850000)]
  0x000000001a55f000 JavaThread "Cache worker for cache directory md-supplier (C:\Users\test\.gradle\caches\4.10.1\caches\4.10.1\md-supplier)" [_thread_blocked, id=5028, stack(0x000000001d680000,0x000000001d780000)]
  0x000000001a561000 JavaThread "Cache worker for file hash cache (C:\Users\test\Daktari\.gradle\4.10.1\fileHashes)" [_thread_blocked, id=6664, stack(0x000000001d340000,0x000000001d440000)]
  0x000000001a55f800 JavaThread "Stdin handler" [_thread_blocked, id=2512, stack(0x000000001cd40000,0x000000001ce40000)]
  0x000000001a555800 JavaThread "Asynchronous log dispatcher for DefaultDaemonConnection: socket connection from /127.0.0.1:52310 to /127.0.0.1:58465" [_thread_blocked, id=6108, stack(0x000000001b270000,0x000000001b370000)]
  0x000000001a556800 JavaThread "Daemon worker Thread 8" [_thread_in_native, id=4372, stack(0x0000000019ba0000,0x0000000019ca0000)]
  0x000000001a555000 JavaThread "Cancel handler" [_thread_blocked, id=6320, stack(0x0000000019aa0000,0x0000000019ba0000)]
  0x000000001a559800 JavaThread "Handler for socket connection from /127.0.0.1:52310 to /127.0.0.1:58465" [_thread_in_native, id=5528, stack(0x00000000197a0000,0x00000000198a0000)]
  0x000000001a554000 JavaThread "Daemon Thread 8" [_thread_blocked, id=5264, stack(0x00000000195a0000,0x00000000196a0000)]
  0x000000001a31c800 JavaThread "Cache worker for Java compile cache (C:\Users\test\.gradle\caches\4.10.1\caches\4.10.1\javaCompile)" [_thread_blocked, id=4604, stack(0x0000000021a70000,0x0000000021b70000)]
  0x000000001a3b2800 JavaThread "Cache worker for file content cache (C:\Users\test\.gradle\caches\4.10.1\caches\4.10.1\fileContent)" [_thread_blocked, id=2580, stack(0x0000000020850000,0x0000000020950000)]
  0x000000001a3a6800 JavaThread "pool-1-thread-1" [_thread_blocked, id=2140, stack(0x000000001cc40000,0x000000001cd40000)]
  0x000000001a3ab800 JavaThread "Memory manager" [_thread_blocked, id=7156, stack(0x000000001fc50000,0x000000001fd50000)]
  0x000000001a31f000 JavaThread "Cache worker for Artifact transforms cache (C:\Users\test\.gradle\caches\4.10.1\caches\transforms-1)" [_thread_blocked, id=1992, stack(0x000000001ce40000,0x000000001cf40000)]
  0x000000001a322800 JavaThread "Cache worker for journal cache (C:\Users\test\.gradle\caches\4.10.1\caches\journal-1)" [_thread_blocked, id=1488, stack(0x000000001b370000,0x000000001b470000)]
  0x000000001877d800 JavaThread "File lock request listener" [_thread_in_native, id=4836, stack(0x000000001b170000,0x000000001b270000)]
  0x0000000018623000 JavaThread "Cache worker for file hash cache (C:\Users\test\.gradle\caches\4.10.1\caches\4.10.1\fileHashes)" [_thread_blocked, id=3172, stack(0x000000001b070000,0x000000001b170000)]
  0x00000000185c9800 JavaThread "Daemon periodic checks" [_thread_blocked, id=4300, stack(0x00000000196a0000,0x00000000197a0000)]
  0x000000001857b000 JavaThread "Incoming local TCP Connector on port 52310" [_thread_in_native, id=5696, stack(0x00000000193c0000,0x00000000194c0000)]
  0x0000000015fd9800 JavaThread "Service Thread" daemon [_thread_blocked, id=4640, stack(0x00000000170b0000,0x00000000171b0000)]
  0x0000000015fd4000 JavaThread "C1 CompilerThread1" daemon [_thread_blocked, id=4660, stack(0x0000000016fb0000,0x00000000170b0000)]
=>0x0000000015f78000 JavaThread "C2 CompilerThread0" daemon [_thread_in_native, id=2544, stack(0x0000000016eb0000,0x0000000016fb0000)]
  0x0000000015f76800 JavaThread "Attach Listener" daemon [_thread_blocked, id=616, stack(0x0000000016db0000,0x0000000016eb0000)]
  0x000000000284e800 JavaThread "Signal Dispatcher" daemon [_thread_blocked, id=2004, stack(0x0000000016cb0000,0x0000000016db0000)]
  0x0000000015f67800 JavaThread "Finalizer" daemon [_thread_blocked, id=3196, stack(0x0000000016bb0000,0x0000000016cb0000)]
  0x000000000283c800 JavaThread "Reference Handler" daemon [_thread_blocked, id=4316, stack(0x0000000016ab0000,0x0000000016bb0000)]
  0x000000000274d800 JavaThread "main" [_thread_blocked, id=4276, stack(0x00000000025c0000,0x00000000026c0000)]

Other Threads:
  0x0000000015f45800 VMThread [stack: 0x00000000169b0000,0x0000000016ab0000] [id=1328]
  0x0000000015fdc000 WatcherThread [stack: 0x00000000171b0000,0x00000000172b0000] [id=4880]

VM state:not at safepoint (normal execution)

VM Mutex/Monitor currently owned by a thread: None

Heap:
 PSYoungGen      total 432640K, used 59599K [0x00000000e0000000, 0x00000000fdc00000, 0x0000000100000000)
  eden space 401408K, 8% used [0x00000000e0000000,0x00000000e2119c98,0x00000000f8800000)
  from space 31232K, 82% used [0x00000000fbd80000,0x00000000fd69a1e8,0x00000000fdc00000)
  to   space 43008K, 0% used [0x00000000f8800000,0x00000000f8800000,0x00000000fb200000)
 ParOldGen       total 134144K, used 64119K [0x00000000a0000000, 0x00000000a8300000, 0x00000000e0000000)
  object space 134144K, 47% used [0x00000000a0000000,0x00000000a3e9de40,0x00000000a8300000)
 Metaspace       used 95510K, capacity 99162K, committed 100224K, reserved 1136640K
  class space    used 12086K, capacity 12778K, committed 12928K, reserved 1048576K

Card table byte_map: [0x0000000011c10000,0x0000000011f20000] byte_map_base: 0x0000000011710000

Marking Bits: (ParMarkBitMap*) 0x0000000068395aa0
 Begin Bits: [0x0000000012320000, 0x0000000013b20000)
 End Bits:   [0x0000000013b20000, 0x0000000015320000)

Polling page: 0x0000000000b80000

CodeCache: size=245760Kb used=51278Kb max_used=51440Kb free=194481Kb
 bounds [0x0000000002850000, 0x0000000005ae0000, 0x0000000011850000]
 total_blobs=17051 nmethods=16134 adapters=829
 compilation: enabled

Compilation events (10 events):
Event: 5911.201 Thread 0x0000000015f78000 nmethod 19535 0x0000000003157310 code [0x0000000003157460, 0x0000000003157638]
Event: 5911.268 Thread 0x0000000015f78000 19536       4       org.gradle.api.internal.tasks.DefaultTaskContainer$TaskCreatingProvider::getType (5 bytes)
Event: 5911.269 Thread 0x0000000015f78000 nmethod 19536 0x000000000383ec90 code [0x000000000383edc0, 0x000000000383ee38]
Event: 5911.271 Thread 0x0000000015f78000 19537       4       com.google.common.collect.ImmutableSet$Builder::build (22 bytes)
Event: 5911.273 Thread 0x0000000015f78000 nmethod 19537 0x0000000003980890 code [0x00000000039809e0, 0x0000000003980a88]
Event: 5911.275 Thread 0x0000000015f78000 19538       4       org.gradle.internal.graph.CachingDirectedGraphWalker::doSearch (659 bytes)
Event: 5911.279 Thread 0x0000000015fd4000 19540       1       org.gradle.api.internal.tasks.properties.DefaultPropertyMetadataStore$DefaultPropertyMetadata::getPropertyType (5 bytes)
Event: 5911.280 Thread 0x0000000015fd4000 nmethod 19540 0x0000000003d450d0 code [0x0000000003d45220, 0x0000000003d45330]
Event: 5911.319 Thread 0x0000000015fd4000 19541       1       org.gradle.api.internal.file.collections.BuildDependenciesOnlyFileCollectionResolveContext::push (2 bytes)
Event: 5911.320 Thread 0x0000000015fd4000 nmethod 19541 0x0000000003f931d0 code [0x0000000003f93320, 0x0000000003f93430]

GC Heap History (10 events):
Event: 4885.243 GC heap before
{Heap before GC invocations=16 (full 3):
 PSYoungGen      total 378880K, used 378839K [0x00000000e0000000, 0x00000000f9500000, 0x0000000100000000)
  eden space 357376K, 100% used [0x00000000e0000000,0x00000000f5d00000,0x00000000f5d00000)
  from space 21504K, 99% used [0x00000000f8000000,0x00000000f94f5fb0,0x00000000f9500000)
  to   space 27136K, 0% used [0x00000000f6000000,0x00000000f6000000,0x00000000f7a80000)
 ParOldGen       total 77824K, used 29636K [0x00000000a0000000, 0x00000000a4c00000, 0x00000000e0000000)
  object space 77824K, 38% used [0x00000000a0000000,0x00000000a1cf1100,0x00000000a4c00000)
 Metaspace       used 90308K, capacity 94160K, committed 94464K, reserved 1130496K
  class space    used 11699K, capacity 12486K, committed 12544K, reserved 1048576K
Event: 4885.337 GC heap after
Heap after GC invocations=16 (full 3):
 PSYoungGen      total 368640K, used 27115K [0x00000000e0000000, 0x00000000f8d80000, 0x0000000100000000)
  eden space 341504K, 0% used [0x00000000e0000000,0x00000000e0000000,0x00000000f4d80000)
  from space 27136K, 99% used [0x00000000f6000000,0x00000000f7a7ae70,0x00000000f7a80000)
  to   space 19456K, 0% used [0x00000000f7a80000,0x00000000f7a80000,0x00000000f8d80000)
 ParOldGen       total 77824K, used 34128K [0x00000000a0000000, 0x00000000a4c00000, 0x00000000e0000000)
  object space 77824K, 43% used [0x00000000a0000000,0x00000000a2154308,0x00000000a4c00000)
 Metaspace       used 90308K, capacity 94160K, committed 94464K, reserved 1130496K
  class space    used 11699K, capacity 12486K, committed 12544K, reserved 1048576K
}
Event: 4892.945 GC heap before
{Heap before GC invocations=17 (full 3):
 PSYoungGen      total 368640K, used 368619K [0x00000000e0000000, 0x00000000f8d80000, 0x0000000100000000)
  eden space 341504K, 100% used [0x00000000e0000000,0x00000000f4d80000,0x00000000f4d80000)
  from space 27136K, 99% used [0x00000000f6000000,0x00000000f7a7ae70,0x00000000f7a80000)
  to   space 19456K, 0% used [0x00000000f7a80000,0x00000000f7a80000,0x00000000f8d80000)
 ParOldGen       total 77824K, used 34128K [0x00000000a0000000, 0x00000000a4c00000, 0x00000000e0000000)
  object space 77824K, 43% used [0x00000000a0000000,0x00000000a2154308,0x00000000a4c00000)
 Metaspace       used 92773K, capacity 96834K, committed 97024K, reserved 1134592K
  class space    used 11866K, capacity 12685K, committed 12800K, reserved 1048576K
Event: 4893.067 GC heap after
Heap after GC invocations=17 (full 3):
 PSYoungGen      total 363008K, used 19426K [0x00000000e0000000, 0x00000000fe700000, 0x0000000100000000)
  eden space 343552K, 0% used [0x00000000e0000000,0x00000000e0000000,0x00000000f4f80000)
  from space 19456K, 99% used [0x00000000f7a80000,0x00000000f8d788f0,0x00000000f8d80000)
  to   space 44032K, 0% used [0x00000000f4f80000,0x00000000f4f80000,0x00000000f7a80000)
 ParOldGen       total 77824K, used 62596K [0x00000000a0000000, 0x00000000a4c00000, 0x00000000e0000000)
  object space 77824K, 80% used [0x00000000a0000000,0x00000000a3d210f8,0x00000000a4c00000)
 Metaspace       used 92773K, capacity 96834K, committed 97024K, reserved 1134592K
  class space    used 11866K, capacity 12685K, committed 12800K, reserved 1048576K
}
Event: 4893.067 GC heap before
{Heap before GC invocations=18 (full 4):
 PSYoungGen      total 363008K, used 19426K [0x00000000e0000000, 0x00000000fe700000, 0x0000000100000000)
  eden space 343552K, 0% used [0x00000000e0000000,0x00000000e0000000,0x00000000f4f80000)
  from space 19456K, 99% used [0x00000000f7a80000,0x00000000f8d788f0,0x00000000f8d80000)
  to   space 44032K, 0% used [0x00000000f4f80000,0x00000000f4f80000,0x00000000f7a80000)
 ParOldGen       total 77824K, used 62596K [0x00000000a0000000, 0x00000000a4c00000, 0x00000000e0000000)
  object space 77824K, 80% used [0x00000000a0000000,0x00000000a3d210f8,0x00000000a4c00000)
 Metaspace       used 92773K, capacity 96834K, committed 97024K, reserved 1134592K
  class space    used 11866K, capacity 12685K, committed 12800K, reserved 1048576K
Event: 4893.863 GC heap after
Heap after GC invocations=18 (full 4):
 PSYoungGen      total 363008K, used 0K [0x00000000e0000000, 0x00000000fe700000, 0x0000000100000000)
  eden space 343552K, 0% used [0x00000000e0000000,0x00000000e0000000,0x00000000f4f80000)
  from space 19456K, 0% used [0x00000000f7a80000,0x00000000f7a80000,0x00000000f8d80000)
  to   space 44032K, 0% used [0x00000000f4f80000,0x00000000f4f80000,0x00000000f7a80000)
 ParOldGen       total 134144K, used 64103K [0x00000000a0000000, 0x00000000a8300000, 0x00000000e0000000)
  object space 134144K, 47% used [0x00000000a0000000,0x00000000a3e99e40,0x00000000a8300000)
 Metaspace       used 91580K, capacity 94704K, committed 97024K, reserved 1134592K
  class space    used 11659K, capacity 12289K, committed 12800K, reserved 1048576K
}
Event: 5026.192 GC heap before
{Heap before GC invocations=19 (full 4):
 PSYoungGen      total 363008K, used 343552K [0x00000000e0000000, 0x00000000fe700000, 0x0000000100000000)
  eden space 343552K, 100% used [0x00000000e0000000,0x00000000f4f80000,0x00000000f4f80000)
  from space 19456K, 0% used [0x00000000f7a80000,0x00000000f7a80000,0x00000000f8d80000)
  to   space 44032K, 0% used [0x00000000f4f80000,0x00000000f4f80000,0x00000000f7a80000)
 ParOldGen       total 134144K, used 64103K [0x00000000a0000000, 0x00000000a8300000, 0x00000000e0000000)
  object space 134144K, 47% used [0x00000000a0000000,0x00000000a3e99e40,0x00000000a8300000)
 Metaspace       used 93348K, capacity 96844K, committed 98176K, reserved 1134592K
  class space    used 11897K, capacity 12619K, committed 12928K, reserved 1048576K
Event: 5026.250 GC heap after
Heap after GC invocations=19 (full 4):
 PSYoungGen      total 387584K, used 19902K [0x00000000e0000000, 0x00000000fe700000, 0x0000000100000000)
  eden space 343552K, 0% used [0x00000000e0000000,0x00000000e0000000,0x00000000f4f80000)
  from space 44032K, 45% used [0x00000000f4f80000,0x00000000f62efb00,0x00000000f7a80000)
  to   space 42496K, 0% used [0x00000000fbd80000,0x00000000fbd80000,0x00000000fe700000)
 ParOldGen       total 134144K, used 64111K [0x00000000a0000000, 0x00000000a8300000, 0x00000000e0000000)
  object space 134144K, 47% used [0x00000000a0000000,0x00000000a3e9be40,0x00000000a8300000)
 Metaspace       used 93348K, capacity 96844K, committed 98176K, reserved 1134592K
  class space    used 11897K, capacity 12619K, committed 12928K, reserved 1048576K
}
Event: 5362.541 GC heap before
{Heap before GC invocations=20 (full 4):
 PSYoungGen      total 387584K, used 363454K [0x00000000e0000000, 0x00000000fe700000, 0x0000000100000000)
  eden space 343552K, 100% used [0x00000000e0000000,0x00000000f4f80000,0x00000000f4f80000)
  from space 44032K, 45% used [0x00000000f4f80000,0x00000000f62efb00,0x00000000f7a80000)
  to   space 42496K, 0% used [0x00000000fbd80000,0x00000000fbd80000,0x00000000fe700000)
 ParOldGen       total 134144K, used 64111K [0x00000000a0000000, 0x00000000a8300000, 0x00000000e0000000)
  object space 134144K, 47% used [0x00000000a0000000,0x00000000a3e9be40,0x00000000a8300000)
 Metaspace       used 95445K, capacity 99040K, committed 99968K, reserved 1136640K
  class space    used 12081K, capacity 12769K, committed 12928K, reserved 1048576K
Event: 5362.611 GC heap after
Heap after GC invocations=20 (full 4):
 PSYoungGen      total 432640K, used 25704K [0x00000000e0000000, 0x00000000fdc00000, 0x0000000100000000)
  eden space 401408K, 0% used [0x00000000e0000000,0x00000000e0000000,0x00000000f8800000)
  from space 31232K, 82% used [0x00000000fbd80000,0x00000000fd69a1e8,0x00000000fdc00000)
  to   space 43008K, 0% used [0x00000000f8800000,0x00000000f8800000,0x00000000fb200000)
 ParOldGen       total 134144K, used 64119K [0x00000000a0000000, 0x00000000a8300000, 0x00000000e0000000)
  object space 134144K, 47% used [0x00000000a0000000,0x00000000a3e9de40,0x00000000a8300000)
 Metaspace       used 95445K, capacity 99040K, committed 99968K, reserved 1136640K
  class space    used 12081K, capacity 12769K, committed 12928K, reserved 1048576K
}

Deoptimization events (10 events):
Event: 5056.424 Thread 0x000000001a3ae000 Uncommon trap: reason=unstable_if action=reinterpret pc=0x0000000004d87718 method=com.android.builder.files.RelativeFile.equals(Ljava/lang/Object;)Z @ 25
Event: 5357.557 Thread 0x000000001a3aa000 Uncommon trap: reason=unstable_if action=reinterpret pc=0x00000000057ffaf4 method=org.gradle.api.internal.file.pattern.HasPrefixAndSuffixPatternStep.matches(Ljava/lang/String;)Z @ 8
Event: 5357.581 Thread 0x000000001a3aa000 Uncommon trap: reason=bimorphic action=maybe_recompile pc=0x000000000331ed9c method=com.google.common.collect.Iterators$7.computeNext()Ljava/lang/Object; @ 16
Event: 5357.581 Thread 0x000000001a3aa000 Uncommon trap: reason=bimorphic action=maybe_recompile pc=0x000000000331ed9c method=com.google.common.collect.Iterators$7.computeNext()Ljava/lang/Object; @ 16
Event: 5357.582 Thread 0x000000001a3aa000 Uncommon trap: reason=unstable_if action=reinterpret pc=0x0000000004b7c4f0 method=com.sun.tools.javac.util.BaseFileManager.getKind(Ljava/lang/String;)Ljavax/tools/JavaFileObject$Kind; @ 10
Event: 5358.959 Thread 0x000000001a3aa000 Uncommon trap: reason=unstable_if action=reinterpret pc=0x0000000004c0c1a0 method=com.sun.tools.javac.code.Types$19.visitClassType(Lcom/sun/tools/javac/code/Type$ClassType;Ljava/lang/Void;)Lcom/sun/tools/javac/util/List; @ 22
Event: 5359.241 Thread 0x000000001a3aa000 Uncommon trap: reason=unstable_if action=reinterpret pc=0x0000000004be887c method=com.sun.tools.javac.code.Scope.lookup(Lcom/sun/tools/javac/util/Name;Lcom/sun/tools/javac/util/Filter;)Lcom/sun/tools/javac/code/Scope$Entry; @ 19
Event: 5359.284 Thread 0x000000001a3aa000 Uncommon trap: reason=unstable_if action=reinterpret pc=0x0000000004b79f18 method=com.sun.tools.javac.code.Scope.lookup(Lcom/sun/tools/javac/util/Name;Lcom/sun/tools/javac/util/Filter;)Lcom/sun/tools/javac/code/Scope$Entry; @ 19
Event: 5360.180 Thread 0x000000001a3b5800 Uncommon trap: reason=class_check action=maybe_recompile pc=0x0000000004efe6f8 method=java.util.Spliterators$1Adapter.hasNext()Z @ 12
Event: 5362.238 Thread 0x000000001a55f000 Uncommon trap: reason=unstable_if action=reinterpret pc=0x00000000056882d8 method=java.util.concurrent.ForkJoinPool.tryCompensate(Ljava/util/concurrent/ForkJoinPool$WorkQueue;)Z @ 113

Classes redefined (0 events):
No events

Internal exceptions (10 events):
Event: 5051.968 Thread 0x000000001a55e000 Exception <a 'sun/nio/fs/WindowsException'> (0x00000000e4254a10) thrown at [D:\src\AOSP-openjdk-cygwin\jdk8u\hotspot\src\share\vm\prims\jni.cpp, line 709]
Event: 5051.968 Thread 0x000000001a55e000 Exception <a 'sun/nio/fs/WindowsException'> (0x00000000e42559f0) thrown at [D:\src\AOSP-openjdk-cygwin\jdk8u\hotspot\src\share\vm\prims\jni.cpp, line 709]
Event: 5051.968 Thread 0x000000001a55e000 Exception <a 'sun/nio/fs/WindowsException'> (0x00000000e42569d0) thrown at [D:\src\AOSP-openjdk-cygwin\jdk8u\hotspot\src\share\vm\prims\jni.cpp, line 709]
Event: 5051.968 Thread 0x000000001a55e000 Exception <a 'sun/nio/fs/WindowsException'> (0x00000000e42576c0) thrown at [D:\src\AOSP-openjdk-cygwin\jdk8u\hotspot\src\share\vm\prims\jni.cpp, line 709]
Event: 5353.655 Thread 0x000000001a3aa000 Exception <a 'sun/nio/fs/WindowsException'> (0x00000000ef32e0a8) thrown at [D:\src\AOSP-openjdk-cygwin\jdk8u\hotspot\src\share\vm\prims\jni.cpp, line 709]
Event: 5361.270 Thread 0x000000001a555800 Exception <a 'sun/nio/fs/WindowsException'> (0x00000000f3440cc8) thrown at [D:\src\AOSP-openjdk-cygwin\jdk8u\hotspot\src\share\vm\prims\jni.cpp, line 709]
Event: 5361.276 Thread 0x000000001a555800 Exception <a 'sun/nio/fs/WindowsException'> (0x00000000f34fcef8) thrown at [D:\src\AOSP-openjdk-cygwin\jdk8u\hotspot\src\share\vm\prims\jni.cpp, line 709]
Event: 5362.140 Thread 0x000000001a55f000 Exception <a 'sun/nio/fs/WindowsException'> (0x00000000f3c4a7d8) thrown at [D:\src\AOSP-openjdk-cygwin\jdk8u\hotspot\src\share\vm\prims\jni.cpp, line 709]
Event: 5362.238 Thread 0x000000001a563800 Exception <a 'sun/nio/fs/WindowsException'> (0x00000000f44db580) thrown at [D:\src\AOSP-openjdk-cygwin\jdk8u\hotspot\src\share\vm\prims\jni.cpp, line 709]
Event: 5910.814 Thread 0x000000001a556800 Exception <a 'sun/nio/fs/WindowsException'> (0x00000000e16dfdc0) thrown at [D:\src\AOSP-openjdk-cygwin\jdk8u\hotspot\src\share\vm\prims\jni.cpp, line 709]

Events (10 events):
Event: 5911.280 Thread 0x0000000015fd4000 flushing nmethod 0x0000000003f931d0
Event: 5911.280 Thread 0x0000000015fd4000 flushing nmethod 0x0000000003fd5cd0
Event: 5911.283 Thread 0x0000000015fd4000 flushing nmethod 0x0000000004147ad0
Event: 5911.283 Thread 0x0000000015fd4000 flushing nmethod 0x00000000041e8450
Event: 5911.284 Thread 0x0000000015fd4000 flushing nmethod 0x0000000004250990
Event: 5911.320 Thread 0x0000000015fd4000 flushing nmethod 0x0000000004328f90
Event: 5911.320 Thread 0x0000000015fd4000 flushing nmethod 0x0000000004371110
Event: 5911.320 Thread 0x0000000015fd4000 flushing nmethod 0x000000000438b410
Event: 5911.321 Thread 0x0000000015fd4000 flushing nmethod 0x0000000004463710
Event: 5911.321 Thread 0x0000000015fd4000 flushing nmethod 0x0000000004464810


Dynamic libraries:
0x00007ff7fc8e0000 - 0x00007ff7fc911000 	C:\Program Files\Android\Android Studio\jre\bin\java.exe
0x00007ffb134e0000 - 0x00007ffb136a1000 	C:\Windows\SYSTEM32\ntdll.dll
0x00007ffb131d0000 - 0x00007ffb1327d000 	C:\Windows\system32\KERNEL32.DLL
0x00007ffaf86c0000 - 0x00007ffaf86d2000 	C:\Program Files\AVG\Antivirus\aswhook.dll
0x00007ffb10010000 - 0x00007ffb101ed000 	C:\Windows\system32\KERNELBASE.dll
0x00007ffb12380000 - 0x00007ffb12426000 	C:\Windows\system32\ADVAPI32.dll
0x00007ffb121c0000 - 0x00007ffb1225d000 	C:\Windows\system32\msvcrt.dll
0x00007ffb127f0000 - 0x00007ffb1284b000 	C:\Windows\system32\sechost.dll
0x00007ffb12c70000 - 0x00007ffb12d96000 	C:\Windows\system32\RPCRT4.dll
0x00007ffb125e0000 - 0x00007ffb1272e000 	C:\Windows\system32\USER32.dll
0x00007ffb12a20000 - 0x00007ffb12ba6000 	C:\Windows\system32\GDI32.dll
0x00007ffb03eb0000 - 0x00007ffb04124000 	C:\Windows\WinSxS\amd64_microsoft.windows.common-controls_6595b64144ccf1df_6.0.10240.16384_none_f41f7b285750ef43\COMCTL32.dll
0x00007ffb12340000 - 0x00007ffb12376000 	C:\Windows\system32\IMM32.DLL
0x00007ffb13380000 - 0x00007ffb134dc000 	C:\Windows\system32\MSCTF.dll
0x0000000067af0000 - 0x0000000067bc2000 	C:\Program Files\Android\Android Studio\jre\jre\bin\msvcr100.dll
0x0000000067bd0000 - 0x0000000068411000 	C:\Program Files\Android\Android Studio\jre\jre\bin\server\jvm.dll
0x00007ffb12bb0000 - 0x00007ffb12bb8000 	C:\Windows\system32\PSAPI.DLL
0x00007ffb0a570000 - 0x00007ffb0a579000 	C:\Windows\SYSTEM32\WSOCK32.dll
0x00007ffb10bb0000 - 0x00007ffb10c19000 	C:\Windows\system32\WS2_32.dll
0x00007ffb13280000 - 0x00007ffb13288000 	C:\Windows\system32\NSI.dll
0x00007ffb05640000 - 0x00007ffb05663000 	C:\Windows\SYSTEM32\WINMM.dll
0x00007ffb083b0000 - 0x00007ffb083ba000 	C:\Windows\SYSTEM32\VERSION.dll
0x00007ffb05610000 - 0x00007ffb0563c000 	C:\Windows\SYSTEM32\WINMMBASE.dll
0x00007ffb108e0000 - 0x00007ffb10924000 	C:\Windows\system32\cfgmgr32.dll
0x00007ffb0e880000 - 0x00007ffb0e8a7000 	C:\Windows\SYSTEM32\DEVOBJ.dll
0x00007ffb047d0000 - 0x00007ffb047df000 	C:\Program Files\Android\Android Studio\jre\jre\bin\verify.dll
0x00007ffb026f0000 - 0x00007ffb02719000 	C:\Program Files\Android\Android Studio\jre\jre\bin\java.dll
0x00007ffb02540000 - 0x00007ffb02556000 	C:\Program Files\Android\Android Studio\jre\jre\bin\zip.dll
0x00007ffb10c20000 - 0x00007ffb12142000 	C:\Windows\system32\SHELL32.dll
0x00007ffb101f0000 - 0x00007ffb10819000 	C:\Windows\system32\windows.storage.dll
0x00007ffb12f50000 - 0x00007ffb131cc000 	C:\Windows\system32\combase.dll
0x00007ffb12da0000 - 0x00007ffb12df1000 	C:\Windows\system32\shlwapi.dll
0x00007ffb0ff30000 - 0x00007ffb0ff3f000 	C:\Windows\system32\kernel.appcore.dll
0x00007ffb10820000 - 0x00007ffb108d3000 	C:\Windows\system32\shcore.dll
0x00007ffb0ff60000 - 0x00007ffb0ffaa000 	C:\Windows\system32\powrprof.dll
0x00007ffb0ff40000 - 0x00007ffb0ff53000 	C:\Windows\system32\profapi.dll
0x00007ffb02520000 - 0x00007ffb0253a000 	C:\Program Files\Android\Android Studio\jre\jre\bin\net.dll
0x00007ffb0f780000 - 0x00007ffb0f7dd000 	C:\Windows\system32\mswsock.dll
0x00007ffb02500000 - 0x00007ffb02511000 	C:\Program Files\Android\Android Studio\jre\jre\bin\nio.dll
0x00007ffaffa20000 - 0x00007ffaffa3e000 	C:\Users\test\.gradle\caches\4.10.1\native\25\windows-amd64\native-platform.dll
0x00007ffb03b30000 - 0x00007ffb03b3d000 	C:\Program Files\Android\Android Studio\jre\jre\bin\management.dll
0x00007ffb0f7e0000 - 0x00007ffb0f7f7000 	C:\Windows\SYSTEM32\CRYPTSP.dll
0x00007ffb0fa50000 - 0x00007ffb0fa78000 	C:\Windows\SYSTEM32\bcrypt.dll
0x00007ffb0f430000 - 0x00007ffb0f463000 	C:\Windows\system32\rsaenh.dll
0x00007ffb0f520000 - 0x00007ffb0f53f000 	C:\Windows\SYSTEM32\USERENV.dll
0x00007ffb0fd60000 - 0x00007ffb0fdcb000 	C:\Windows\system32\bcryptprimitives.dll
0x00007ffb0f950000 - 0x00007ffb0f95b000 	C:\Windows\SYSTEM32\CRYPTBASE.dll
0x00007ffb0b400000 - 0x00007ffb0b438000 	C:\Windows\SYSTEM32\IPHLPAPI.DLL
0x00007ffb0c820000 - 0x00007ffb0c82b000 	C:\Windows\SYSTEM32\WINNSI.DLL
0x00007ffb08570000 - 0x00007ffb08586000 	C:\Windows\SYSTEM32\dhcpcsvc6.DLL
0x00007ffb0b030000 - 0x00007ffb0b04a000 	C:\Windows\SYSTEM32\dhcpcsvc.DLL
0x00007ffb03aa0000 - 0x00007ffb03ac4000 	C:\Program Files\Android\Android Studio\jre\jre\bin\sunec.dll
0x00007ffb0f580000 - 0x00007ffb0f628000 	C:\Windows\SYSTEM32\DNSAPI.dll
0x00007ffb02d00000 - 0x00007ffb02d0a000 	C:\Windows\System32\rasadhlp.dll
0x00007ffb08680000 - 0x00007ffb086e8000 	C:\Windows\System32\fwpuclnt.dll
0x00007ffb03a90000 - 0x00007ffb03a9b000 	C:\Program Files\Android\Android Studio\jre\jre\bin\sunmscapi.dll
0x00007ffb10930000 - 0x00007ffb10af1000 	C:\Windows\system32\CRYPT32.dll
0x00007ffb0ff10000 - 0x00007ffb0ff21000 	C:\Windows\system32\MSASN1.dll

VM Arguments:
jvm_args: -Xmx1536m -Dfile.encoding=windows-1252 -Duser.country=US -Duser.language=en -Duser.variant 
java_command: org.gradle.launcher.daemon.bootstrap.GradleDaemon 4.10.1
java_class_path (initial): C:\Users\test\.gradle\caches\4.10.1\wrapper\dists\gradle-4.10.1-all\455itskqi2qtf0v2sja68alqd\gradle-4.10.1\lib\gradle-launcher-4.10.1.jar
Launcher Type: SUN_STANDARD

Environment Variables:
PATH=C:\Program Files (x86)\Common Files\Oracle\Java\javapath;C:\Windows\system32;C:\Windows;C:\Windows\System32\Wbem;C:\Windows\System32\WindowsPowerShell\v1.0\;C:\Program Files\Microsoft\Web Platform Installer\;C:\Program Files (x86)\Microsoft ASP.NET\ASP.NET Web Pages\v1.0\;C:\Program Files\Microsoft SQL Server\110\Tools\Binn\
USERNAME=test
OS=Windows_NT
PROCESSOR_IDENTIFIER=Intel64 Family 6 Model 23 Stepping 10, GenuineIntel



---------------  S Y S T E M  ---------------

OS: Windows 10.0 , 64 bit Build 10240 (10.0.10240.16384)

CPU:total 2 (initial active 2) (2 cores per cpu, 1 threads per core) family 6 model 23 stepping 10, cmov, cx8, fxsr, mmx, sse, sse2, sse3, ssse3, sse4.1, tsc

Memory: 4k page, physical 4092172k(351508k free), swap 4092172k(4712k free)

vm_info: OpenJDK 64-Bit Server VM (25.152-b01) for windows-amd64 JRE (1.8.0_152-release-1248-b01), built by "builder" with MS VC++ 10.0 (VS2010)

time: Thu Feb 28 22:00:07 2019
elapsed time: 5911 seconds (0d 1h 38m 31s)

