#
# There is insufficient memory for the Java Runtime Environment to continue.
# Native memory allocation (malloc) failed to allocate 1087296 bytes for Chunk::new
# Possible reasons:
#   The system is out of physical RAM or swap space
#   In 32 bit mode, the process size limit was hit
# Possible solutions:
#   Reduce memory load on the system
#   Increase physical memory or swap space
#   Check if swap backing store is full
#   Use 64 bit Java on a 64 bit OS
#   Decrease Java heap size (-Xmx/-Xms)
#   Decrease number of Java threads
#   Decrease Java thread stack sizes (-Xss)
#   Set larger code cache with -XX:ReservedCodeCacheSize=
# This output file may be truncated or incomplete.
#
#  Out of Memory Error (allocation.cpp:390), pid=4480, tid=0x0000000000000d48
#
# JRE version: OpenJDK Runtime Environment (8.0_152-b01) (build 1.8.0_152-release-1248-b01)
# Java VM: OpenJDK 64-Bit Server VM (25.152-b01 mixed mode windows-amd64 compressed oops)
# Failed to write core dump. Minidumps are not enabled by default on client versions of Windows
#

---------------  T H R E A D  ---------------

Current thread (0x000000001678b000):  JavaThread "C2 CompilerThread0" daemon [_thread_in_native, id=3400, stack(0x00000000177b0000,0x00000000178b0000)]

Stack: [0x00000000177b0000,0x00000000178b0000]
[error occurred during error reporting (printing stack bounds), id 0xc0000005]

Native frames: (J=compiled Java code, j=interpreted, Vv=VM code, C=native code)


Current CompileTask:
C2:  71560 8264 %     4       com.sun.tools.javac.file.ZipFileIndex$ZipDirectory::readEntry @ 102 (587 bytes)


---------------  P R O C E S S  ---------------

Java Threads: ( => current thread )
  0x000000001abab000 JavaThread "Cache worker for Java compile cache (C:\Users\test\Daktari\.gradle\4.10.1\javaCompile)" [_thread_blocked, id=6128, stack(0x0000000001420000,0x0000000001520000)]
  0x000000001abaa000 JavaThread "Cache worker for Java compile cache (C:\Users\test\.gradle\caches\4.10.1\caches\4.10.1\javaCompile)" [_thread_blocked, id=5188, stack(0x0000000001320000,0x0000000001420000)]
  0x000000001aba5800 JavaThread "stdout" [_thread_in_native, id=5308, stack(0x0000000021610000,0x0000000021710000)]
  0x000000001ab9e000 JavaThread "stderr" [_thread_in_native, id=3104, stack(0x0000000021510000,0x0000000021610000)]
  0x000000001aba3800 JavaThread "pool-2-thread-1" [_thread_blocked, id=5284, stack(0x0000000021410000,0x0000000021510000)]
  0x000000001ab9c800 JavaThread "Cache worker for Build Output Cleanup Cache (C:\Users\test\Daktari\.gradle\buildOutputCleanup)" [_thread_blocked, id=5276, stack(0x0000000020f10000,0x0000000021010000)]
  0x000000001ab9b800 JavaThread "Cache worker for task history cache (C:\Users\test\Daktari\.gradle\4.10.1\taskHistory)" [_thread_blocked, id=5220, stack(0x0000000020e10000,0x0000000020f10000)]
  0x000000001aba2000 JavaThread "Task worker for ':'" [_thread_blocked, id=5212, stack(0x0000000020d10000,0x0000000020e10000)]
  0x000000001aba2800 JavaThread "Cache worker for file content cache (C:\Users\test\Daktari\.gradle\4.10.1\fileContent)" [_thread_blocked, id=1796, stack(0x0000000020a10000,0x0000000020b10000)]
  0x000000001ab9d800 JavaThread "Cache worker for file content cache (C:\Users\test\.gradle\caches\4.10.1\caches\4.10.1\fileContent)" [_thread_blocked, id=3300, stack(0x0000000020910000,0x0000000020a10000)]
  0x000000001aba1000 JavaThread "Memory manager" [_thread_blocked, id=4516, stack(0x0000000020810000,0x0000000020910000)]
  0x000000001aaee000 JavaThread "Build operations Thread 2" [_thread_blocked, id=2404, stack(0x000000001de40000,0x000000001df40000)]
  0x000000001aaeb000 JavaThread "Build operations" [_thread_blocked, id=888, stack(0x000000001dd40000,0x000000001de40000)]
  0x000000001aaeb800 JavaThread "Cache worker for Artifact transforms cache (C:\Users\test\.gradle\caches\4.10.1\caches\transforms-1)" [_thread_blocked, id=1980, stack(0x000000001da40000,0x000000001db40000)]
  0x000000001aaec800 JavaThread "Cache worker for cache directory md-rule (C:\Users\test\.gradle\caches\4.10.1\caches\4.10.1\md-rule)" [_thread_blocked, id=884, stack(0x000000001d940000,0x000000001da40000)]
  0x000000001aaf0000 JavaThread "Cache worker for cache directory md-supplier (C:\Users\test\.gradle\caches\4.10.1\caches\4.10.1\md-supplier)" [_thread_blocked, id=3420, stack(0x000000001d840000,0x000000001d940000)]
  0x000000001aaf1800 JavaThread "Cache worker for journal cache (C:\Users\test\.gradle\caches\4.10.1\caches\journal-1)" [_thread_blocked, id=6116, stack(0x000000001bce0000,0x000000001bde0000)]
  0x0000000019424000 JavaThread "Cache worker for file hash cache (C:\Users\test\Daktari\.gradle\4.10.1\fileHashes)" [_thread_blocked, id=6092, stack(0x000000001b970000,0x000000001ba70000)]
  0x00000000191d3800 JavaThread "File lock request listener" [_thread_in_native, id=6028, stack(0x000000001bbe0000,0x000000001bce0000)]
  0x00000000191d3000 JavaThread "Cache worker for file hash cache (C:\Users\test\.gradle\caches\4.10.1\caches\4.10.1\fileHashes)" [_thread_blocked, id=6040, stack(0x000000001bae0000,0x000000001bbe0000)]
  0x0000000018f3e000 JavaThread "Asynchronous log dispatcher for DefaultDaemonConnection: socket connection from /127.0.0.1:57813 to /127.0.0.1:57814" [_thread_blocked, id=5956, stack(0x000000001a5a0000,0x000000001a6a0000)]
  0x0000000018f3b800 JavaThread "Daemon worker" [_thread_in_native, id=6056, stack(0x000000001a2a0000,0x000000001a3a0000)]
  0x0000000018f3a800 JavaThread "Cancel handler" [_thread_blocked, id=2868, stack(0x000000001a1a0000,0x000000001a2a0000)]
  0x0000000018ede800 JavaThread "Handler for socket connection from /127.0.0.1:57813 to /127.0.0.1:57814" [_thread_in_native, id=6044, stack(0x000000001a0a0000,0x000000001a1a0000)]
  0x0000000018ee0800 JavaThread "Daemon" [_thread_blocked, id=5988, stack(0x0000000019fa0000,0x000000001a0a0000)]
  0x0000000018ed0000 JavaThread "Daemon periodic checks" [_thread_blocked, id=6064, stack(0x0000000019ea0000,0x0000000019fa0000)]
  0x0000000018eb5000 JavaThread "Incoming local TCP Connector on port 57813" [_thread_in_native, id=6052, stack(0x0000000019cc0000,0x0000000019dc0000)]
  0x0000000016805000 JavaThread "Service Thread" daemon [_thread_blocked, id=4384, stack(0x00000000179b0000,0x0000000017ab0000)]
  0x000000001678f000 JavaThread "C1 CompilerThread1" daemon [_thread_in_vm, id=32, stack(0x00000000178b0000,0x00000000179b0000)]
=>0x000000001678b000 JavaThread "C2 CompilerThread0" daemon [_thread_in_native, id=3400, stack(0x00000000177b0000,0x00000000178b0000)]
  0x000000001678a000 JavaThread "Attach Listener" daemon [_thread_blocked, id=1368, stack(0x00000000176b0000,0x00000000177b0000)]
  0x0000000016784800 JavaThread "Signal Dispatcher" daemon [_thread_blocked, id=4948, stack(0x00000000175b0000,0x00000000176b0000)]
  0x0000000016777800 JavaThread "Finalizer" daemon [_thread_blocked, id=5968, stack(0x00000000173d0000,0x00000000174d0000)]
  0x000000000304c800 JavaThread "Reference Handler" daemon [_thread_blocked, id=6012, stack(0x00000000172d0000,0x00000000173d0000)]
  0x000000000157d800 JavaThread "main" [_thread_blocked, id=776, stack(0x0000000002e60000,0x0000000002f60000)]

Other Threads:
  0x0000000016755800 VMThread [stack: 0x00000000171d0000,0x00000000172d0000] [id=404]
  0x0000000016808000 WatcherThread [stack: 0x0000000017ab0000,0x0000000017bb0000] [id=5996]

VM state:not at safepoint (normal execution)

VM Mutex/Monitor currently owned by a thread:  ([mutex/lock_event])
[0x000000000157d2c0] CompiledIC_lock - owner thread: 0x000000001678f000

Heap:
 PSYoungGen      total 192512K, used 50076K [0x00000000e0000000, 0x00000000ece80000, 0x0000000100000000)
  eden space 176640K, 19% used [0x00000000e0000000,0x00000000e21f0660,0x00000000eac80000)
  from space 15872K, 96% used [0x00000000ebe80000,0x00000000ecd76ce8,0x00000000ece00000)
  to   space 17408K, 0% used [0x00000000eac80000,0x00000000eac80000,0x00000000ebd80000)
 ParOldGen       total 81408K, used 33824K [0x00000000a0000000, 0x00000000a4f80000, 0x00000000e0000000)
  object space 81408K, 41% used [0x00000000a0000000,0x00000000a2108040,0x00000000a4f80000)
 Metaspace       used 66771K, capacity 68636K, committed 68648K, reserved 1107968K
  class space    used 8982K, capacity 9519K, committed 9520K, reserved 1048576K

Card table byte_map: [0x0000000012420000,0x0000000012730000] byte_map_base: 0x0000000011f20000

Marking Bits: (ParMarkBitMap*) 0x000000006ab75aa0
 Begin Bits: [0x0000000012b30000, 0x0000000014330000)
 End Bits:   [0x0000000014330000, 0x0000000015b30000)

Polling page: 0x00000000011e0000

CodeCache: size=245760Kb used=23897Kb max_used=23902Kb free=221862Kb
 bounds [0x0000000003060000, 0x00000000047d0000, 0x0000000012060000]
 total_blobs=8208 nmethods=7388 adapters=733
 compilation: disabled (not enough contiguous free space left)

Compilation events (10 events):
Event: 71.524 Thread 0x000000001678f000 nmethod 8327 0x00000000047cc490 code [0x00000000047cc620, 0x00000000047cc968]
Event: 71.524 Thread 0x000000001678f000 8328       3       com.sun.tools.javac.code.Type$ClassType::<init> (36 bytes)
Event: 71.524 Thread 0x000000001678f000 nmethod 8328 0x00000000047ccad0 code [0x00000000047ccc40, 0x00000000047ccf30]
Event: 71.524 Thread 0x000000001678f000 8329       3       com.sun.tools.javac.code.Symbol$ClassSymbol::<init> (29 bytes)
Event: 71.524 Thread 0x000000001678f000 nmethod 8329 0x00000000047cd090 code [0x00000000047cd200, 0x00000000047cd498]
Event: 71.524 Thread 0x000000001678f000 8330       3       com.sun.tools.javac.jvm.ClassReader::defineClass (46 bytes)
Event: 71.525 Thread 0x000000001678f000 nmethod 8330 0x00000000047cd5d0 code [0x00000000047cd7c0, 0x00000000047cdf48]
Event: 71.527 Thread 0x000000001678f000 8331       3       com.sun.tools.javac.jvm.ClassReader::enterClass (126 bytes)
Event: 71.528 Thread 0x000000001678f000 nmethod 8331 0x00000000047ce410 code [0x00000000047ce600, 0x00000000047cede8]
Event: 71.528 Thread 0x000000001678f000 8332       3       com.sun.tools.javac.jvm.ClassReader::includeClassFile (294 bytes)

GC Heap History (10 events):
Event: 18.413 GC heap before
{Heap before GC invocations=13 (full 2):
 PSYoungGen      total 134144K, used 123392K [0x00000000e0000000, 0x00000000ec880000, 0x0000000100000000)
  eden space 123392K, 100% used [0x00000000e0000000,0x00000000e7880000,0x00000000e7880000)
  from space 10752K, 0% used [0x00000000e8480000,0x00000000e8480000,0x00000000e8f00000)
  to   space 12288K, 0% used [0x00000000e7880000,0x00000000e7880000,0x00000000e8480000)
 ParOldGen       total 49152K, used 14562K [0x00000000a0000000, 0x00000000a3000000, 0x00000000e0000000)
  object space 49152K, 29% used [0x00000000a0000000,0x00000000a0e389b0,0x00000000a3000000)
 Metaspace       used 44076K, capacity 44946K, committed 45224K, reserved 1087488K
  class space    used 5978K, capacity 6268K, committed 6320K, reserved 1048576K
Event: 18.445 GC heap after
Heap after GC invocations=13 (full 2):
 PSYoungGen      total 135680K, used 12263K [0x00000000e0000000, 0x00000000ece00000, 0x0000000100000000)
  eden space 123392K, 0% used [0x00000000e0000000,0x00000000e0000000,0x00000000e7880000)
  from space 12288K, 99% used [0x00000000e7880000,0x00000000e8479ec8,0x00000000e8480000)
  to   space 15872K, 0% used [0x00000000ebe80000,0x00000000ebe80000,0x00000000ece00000)
 ParOldGen       total 49152K, used 19438K [0x00000000a0000000, 0x00000000a3000000, 0x00000000e0000000)
  object space 49152K, 39% used [0x00000000a0000000,0x00000000a12fbac0,0x00000000a3000000)
 Metaspace       used 44076K, capacity 44946K, committed 45224K, reserved 1087488K
  class space    used 5978K, capacity 6268K, committed 6320K, reserved 1048576K
}
Event: 22.314 GC heap before
{Heap before GC invocations=14 (full 2):
 PSYoungGen      total 135680K, used 135655K [0x00000000e0000000, 0x00000000ece00000, 0x0000000100000000)
  eden space 123392K, 100% used [0x00000000e0000000,0x00000000e7880000,0x00000000e7880000)
  from space 12288K, 99% used [0x00000000e7880000,0x00000000e8479ec8,0x00000000e8480000)
  to   space 15872K, 0% used [0x00000000ebe80000,0x00000000ebe80000,0x00000000ece00000)
 ParOldGen       total 49152K, used 19438K [0x00000000a0000000, 0x00000000a3000000, 0x00000000e0000000)
  object space 49152K, 39% used [0x00000000a0000000,0x00000000a12fbac0,0x00000000a3000000)
 Metaspace       used 55331K, capacity 56710K, committed 56872K, reserved 1097728K
  class space    used 7513K, capacity 7909K, committed 7984K, reserved 1048576K
Event: 22.404 GC heap after
Heap after GC invocations=14 (full 2):
 PSYoungGen      total 192512K, used 14427K [0x00000000e0000000, 0x00000000ece80000, 0x0000000100000000)
  eden space 176640K, 0% used [0x00000000e0000000,0x00000000e0000000,0x00000000eac80000)
  from space 15872K, 90% used [0x00000000ebe80000,0x00000000ecc96da8,0x00000000ece00000)
  to   space 17408K, 0% used [0x00000000eac80000,0x00000000eac80000,0x00000000ebd80000)
 ParOldGen       total 49152K, used 29411K [0x00000000a0000000, 0x00000000a3000000, 0x00000000e0000000)
  object space 49152K, 59% used [0x00000000a0000000,0x00000000a1cb8c98,0x00000000a3000000)
 Metaspace       used 55331K, capacity 56710K, committed 56872K, reserved 1097728K
  class space    used 7513K, capacity 7909K, committed 7984K, reserved 1048576K
}
Event: 24.074 GC heap before
{Heap before GC invocations=15 (full 2):
 PSYoungGen      total 192512K, used 54487K [0x00000000e0000000, 0x00000000ece80000, 0x0000000100000000)
  eden space 176640K, 22% used [0x00000000e0000000,0x00000000e271f008,0x00000000eac80000)
  from space 15872K, 90% used [0x00000000ebe80000,0x00000000ecc96da8,0x00000000ece00000)
  to   space 17408K, 0% used [0x00000000eac80000,0x00000000eac80000,0x00000000ebd80000)
 ParOldGen       total 49152K, used 29411K [0x00000000a0000000, 0x00000000a3000000, 0x00000000e0000000)
  object space 49152K, 59% used [0x00000000a0000000,0x00000000a1cb8c98,0x00000000a3000000)
 Metaspace       used 57585K, capacity 59074K, committed 59160K, reserved 1099776K
  class space    used 7875K, capacity 8316K, committed 8368K, reserved 1048576K
Event: 24.148 GC heap after
Heap after GC invocations=15 (full 2):
 PSYoungGen      total 194048K, used 3579K [0x00000000e0000000, 0x00000000ece80000, 0x0000000100000000)
  eden space 176640K, 0% used [0x00000000e0000000,0x00000000e0000000,0x00000000eac80000)
  from space 17408K, 20% used [0x00000000eac80000,0x00000000eaffee78,0x00000000ebd80000)
  to   space 15872K, 0% used [0x00000000ebe80000,0x00000000ebe80000,0x00000000ece00000)
 ParOldGen       total 49152K, used 35862K [0x00000000a0000000, 0x00000000a3000000, 0x00000000e0000000)
  object space 49152K, 72% used [0x00000000a0000000,0x00000000a2305b90,0x00000000a3000000)
 Metaspace       used 57585K, capacity 59074K, committed 59160K, reserved 1099776K
  class space    used 7875K, capacity 8316K, committed 8368K, reserved 1048576K
}
Event: 24.148 GC heap before
{Heap before GC invocations=16 (full 3):
 PSYoungGen      total 194048K, used 3579K [0x00000000e0000000, 0x00000000ece80000, 0x0000000100000000)
  eden space 176640K, 0% used [0x00000000e0000000,0x00000000e0000000,0x00000000eac80000)
  from space 17408K, 20% used [0x00000000eac80000,0x00000000eaffee78,0x00000000ebd80000)
  to   space 15872K, 0% used [0x00000000ebe80000,0x00000000ebe80000,0x00000000ece00000)
 ParOldGen       total 49152K, used 35862K [0x00000000a0000000, 0x00000000a3000000, 0x00000000e0000000)
  object space 49152K, 72% used [0x00000000a0000000,0x00000000a2305b90,0x00000000a3000000)
 Metaspace       used 57585K, capacity 59074K, committed 59160K, reserved 1099776K
  class space    used 7875K, capacity 8316K, committed 8368K, reserved 1048576K
Event: 24.805 GC heap after
Heap after GC invocations=16 (full 3):
 PSYoungGen      total 194048K, used 0K [0x00000000e0000000, 0x00000000ece80000, 0x0000000100000000)
  eden space 176640K, 0% used [0x00000000e0000000,0x00000000e0000000,0x00000000eac80000)
  from space 17408K, 0% used [0x00000000eac80000,0x00000000eac80000,0x00000000ebd80000)
  to   space 15872K, 0% used [0x00000000ebe80000,0x00000000ebe80000,0x00000000ece00000)
 ParOldGen       total 81408K, used 33816K [0x00000000a0000000, 0x00000000a4f80000, 0x00000000e0000000)
  object space 81408K, 41% used [0x00000000a0000000,0x00000000a2106040,0x00000000a4f80000)
 Metaspace       used 57585K, capacity 59074K, committed 59160K, reserved 1099776K
  class space    used 7875K, capacity 8316K, committed 8368K, reserved 1048576K
}
Event: 66.945 GC heap before
{Heap before GC invocations=17 (full 3):
 PSYoungGen      total 194048K, used 176640K [0x00000000e0000000, 0x00000000ece80000, 0x0000000100000000)
  eden space 176640K, 100% used [0x00000000e0000000,0x00000000eac80000,0x00000000eac80000)
  from space 17408K, 0% used [0x00000000eac80000,0x00000000eac80000,0x00000000ebd80000)
  to   space 15872K, 0% used [0x00000000ebe80000,0x00000000ebe80000,0x00000000ece00000)
 ParOldGen       total 81408K, used 33816K [0x00000000a0000000, 0x00000000a4f80000, 0x00000000e0000000)
  object space 81408K, 41% used [0x00000000a0000000,0x00000000a2106040,0x00000000a4f80000)
 Metaspace       used 62756K, capacity 64484K, committed 64552K, reserved 1105920K
  class space    used 8485K, capacity 8967K, committed 9008K, reserved 1048576K
Event: 66.994 GC heap after
Heap after GC invocations=17 (full 3):
 PSYoungGen      total 192512K, used 15323K [0x00000000e0000000, 0x00000000ece80000, 0x0000000100000000)
  eden space 176640K, 0% used [0x00000000e0000000,0x00000000e0000000,0x00000000eac80000)
  from space 15872K, 96% used [0x00000000ebe80000,0x00000000ecd76ce8,0x00000000ece00000)
  to   space 17408K, 0% used [0x00000000eac80000,0x00000000eac80000,0x00000000ebd80000)
 ParOldGen       total 81408K, used 33824K [0x00000000a0000000, 0x00000000a4f80000, 0x00000000e0000000)
  object space 81408K, 41% used [0x00000000a0000000,0x00000000a2108040,0x00000000a4f80000)
 Metaspace       used 62756K, capacity 64484K, committed 64552K, reserved 1105920K
  class space    used 8485K, capacity 8967K, committed 9008K, reserved 1048576K
}

Deoptimization events (10 events):
Event: 67.401 Thread 0x0000000018f3b800 Uncommon trap: reason=class_check action=maybe_recompile pc=0x00000000046b5bf0 method=org.gradle.api.internal.file.pattern.FixedStepPathMatcher.matches([Ljava/lang/String;I)Z @ 48
Event: 67.401 Thread 0x0000000018f3b800 Uncommon trap: reason=class_check action=maybe_recompile pc=0x00000000046b5bf0 method=org.gradle.api.internal.file.pattern.FixedStepPathMatcher.matches([Ljava/lang/String;I)Z @ 48
Event: 67.731 Thread 0x0000000018f3b800 Uncommon trap: reason=class_check action=maybe_recompile pc=0x0000000003e81024 method=java.util.regex.Matcher.search(I)Z @ 86
Event: 67.762 Thread 0x0000000018f3b800 Uncommon trap: reason=class_check action=maybe_recompile pc=0x0000000003d111e4 method=java.util.regex.Matcher.search(I)Z @ 86
Event: 70.598 Thread 0x0000000018f3b800 Uncommon trap: reason=unstable_if action=reinterpret pc=0x00000000039a7894 method=java.util.EnumMap.isValidKey(Ljava/lang/Object;)Z @ 16
Event: 70.874 Thread 0x0000000018f3b800 Uncommon trap: reason=unstable_if action=reinterpret pc=0x0000000003b74170 method=java.lang.StringCoding$StringDecoder.decode([BII)[C @ 20
Event: 71.067 Thread 0x0000000018f3b800 Uncommon trap: reason=unstable_if action=reinterpret pc=0x0000000004742534 method=com.sun.tools.javac.util.ArrayUtils.ensureCapacity([CI)[C @ 3
Event: 71.135 Thread 0x0000000018f3b800 Uncommon trap: reason=unstable_if action=reinterpret pc=0x00000000046c1110 method=java.io.File.equals(Ljava/lang/Object;)Z @ 1
Event: 71.307 Thread 0x0000000018f3b800 Uncommon trap: reason=unstable_if action=reinterpret pc=0x000000000479dd90 method=com.sun.tools.javac.file.ZipFileIndex$ZipDirectory.readEntry(ILjava/util/List;Ljava/util/Map;)I @ 190
Event: 71.483 Thread 0x0000000018f3b800 Uncommon trap: reason=predicate action=maybe_recompile pc=0x000000000440ca40 method=java.util.Collections.indexedBinarySearch(Ljava/util/List;Ljava/lang/Object;)I @ 16

Classes redefined (0 events):
No events

Internal exceptions (10 events):
Event: 27.343 Thread 0x0000000018f3b800 Exception <a 'java/lang/ClassNotFoundException': java/lang/IntegerCustomizer> (0x00000000e1d9f240) thrown at [D:\src\AOSP-openjdk-cygwin\jdk8u\hotspot\src\share\vm\classfile\systemDictionary.cpp, line 210]
Event: 28.799 Thread 0x000000001aaee000 Implicit null exception at 0x00000000032f3e5d to 0x00000000032f3fc9
Event: 32.482 Thread 0x000000001aba2000 Exception <a 'java/lang/NoSuchMethodError': <clinit>> (0x00000000e06af990) thrown at [D:\src\AOSP-openjdk-cygwin\jdk8u\hotspot\src\share\vm\prims\jni.cpp, line 1613]
Event: 33.489 Thread 0x0000000018f3b800 Exception <a 'java/lang/NoSuchMethodError': <clinit>> (0x00000000e4063a78) thrown at [D:\src\AOSP-openjdk-cygwin\jdk8u\hotspot\src\share\vm\prims\jni.cpp, line 1613]
Event: 33.490 Thread 0x0000000018f3b800 Exception <a 'java/lang/NoSuchMethodError': <clinit>> (0x00000000e406e718) thrown at [D:\src\AOSP-openjdk-cygwin\jdk8u\hotspot\src\share\vm\prims\jni.cpp, line 1613]
Event: 33.494 Thread 0x0000000018f3b800 Exception <a 'java/lang/NoSuchMethodError': <clinit>> (0x00000000e408b0e8) thrown at [D:\src\AOSP-openjdk-cygwin\jdk8u\hotspot\src\share\vm\prims\jni.cpp, line 1613]
Event: 33.496 Thread 0x0000000018f3b800 Exception <a 'java/lang/NoSuchMethodError': <clinit>> (0x00000000e40996e8) thrown at [D:\src\AOSP-openjdk-cygwin\jdk8u\hotspot\src\share\vm\prims\jni.cpp, line 1613]
Event: 41.129 Thread 0x0000000018f3b800 Exception <a 'java/lang/NoSuchMethodError': java.lang.Object.lambda$negate$1(Ljava/lang/Object;)Z> (0x00000000e7859eb8) thrown at [D:\src\AOSP-openjdk-cygwin\jdk8u\hotspot\src\share\vm\interpreter\linkResolver.cpp, line 584]
Event: 60.927 Thread 0x0000000018f3b800 Exception <a 'java/lang/NoSuchMethodError': java.lang.Object.lambda$comparingInt$7b0bb60$1(Ljava/util/function/ToIntFunction;Ljava/lang/Object;Ljava/lang/Object;)I> (0x00000000e7b7daf8) thrown at [D:\src\AOSP-openjdk-cygwin\jdk8u\hotspot\src\share\vm\inte
Event: 71.135 Thread 0x0000000018f3b800 Implicit null exception at 0x00000000046c0aef to 0x00000000046c1101

Events (10 events):
Event: 71.483 Thread 0x0000000018f3b800 DEOPT PACKING pc=0x000000000440ca40 sp=0x000000001a3999e0
Event: 71.483 Thread 0x0000000018f3b800 DEOPT UNPACKING pc=0x00000000030a557b sp=0x000000001a399998 mode 2
Event: 71.483 loading class com/sun/tools/javac/file/ZipFileIndexArchive$ZipFileIndexFileObject
Event: 71.483 loading class com/sun/tools/javac/file/ZipFileIndexArchive$ZipFileIndexFileObject done
Event: 71.515 loading class com/sun/tools/javac/comp/Attr$15
Event: 71.515 loading class com/sun/tools/javac/comp/Attr$15 done
Event: 71.516 loading class com/sun/source/tree/MemberReferenceTree$ReferenceMode
Event: 71.516 loading class com/sun/source/tree/MemberReferenceTree$ReferenceMode done
Event: 71.517 loading class com/sun/tools/javac/util/JCDiagnostic$DiagnosticType
Event: 71.517 loading class com/sun/tools/javac/util/JCDiagnostic$DiagnosticType done


Dynamic libraries:
0x00007ff65e730000 - 0x00007ff65e761000 	C:\Program Files\Android\Android Studio\jre\bin\java.exe
0x00007ffc79340000 - 0x00007ffc79501000 	C:\Windows\SYSTEM32\ntdll.dll
0x00007ffc77300000 - 0x00007ffc773ad000 	C:\Windows\system32\KERNEL32.DLL
0x00007ffc75ed0000 - 0x00007ffc760ad000 	C:\Windows\system32\KERNELBASE.dll
0x00007ffc76a10000 - 0x00007ffc76ab6000 	C:\Windows\system32\ADVAPI32.dll
0x00007ffc792a0000 - 0x00007ffc7933d000 	C:\Windows\system32\msvcrt.dll
0x00007ffc77900000 - 0x00007ffc7795b000 	C:\Windows\system32\sechost.dll
0x00007ffc77c40000 - 0x00007ffc77d66000 	C:\Windows\system32\RPCRT4.dll
0x00007ffc76ac0000 - 0x00007ffc76c0e000 	C:\Windows\system32\USER32.dll
0x00007ffc77960000 - 0x00007ffc77ae6000 	C:\Windows\system32\GDI32.dll
0x00007ffc6de30000 - 0x00007ffc6e0a4000 	C:\Windows\WinSxS\amd64_microsoft.windows.common-controls_6595b64144ccf1df_6.0.10240.16384_none_f41f7b285750ef43\COMCTL32.dll
0x00007ffc778b0000 - 0x00007ffc778e6000 	C:\Windows\system32\IMM32.DLL
0x00007ffc77530000 - 0x00007ffc7768c000 	C:\Windows\system32\MSCTF.dll
0x000000006a2d0000 - 0x000000006a3a2000 	C:\Program Files\Android\Android Studio\jre\jre\bin\msvcr100.dll
0x000000006a3b0000 - 0x000000006abf1000 	C:\Program Files\Android\Android Studio\jre\jre\bin\server\jvm.dll
0x00007ffc778a0000 - 0x00007ffc778a8000 	C:\Windows\system32\PSAPI.DLL
0x00007ffc744a0000 - 0x00007ffc744a9000 	C:\Windows\SYSTEM32\WSOCK32.dll
0x00007ffc6d180000 - 0x00007ffc6d1a3000 	C:\Windows\SYSTEM32\WINMM.dll
0x00007ffc76c10000 - 0x00007ffc76c79000 	C:\Windows\system32\WS2_32.dll
0x00007ffc778f0000 - 0x00007ffc778f8000 	C:\Windows\system32\NSI.dll
0x00007ffc70e20000 - 0x00007ffc70e2a000 	C:\Windows\SYSTEM32\VERSION.dll
0x00007ffc6d150000 - 0x00007ffc6d17c000 	C:\Windows\SYSTEM32\WINMMBASE.dll
0x00007ffc769c0000 - 0x00007ffc76a04000 	C:\Windows\system32\cfgmgr32.dll
0x00007ffc746e0000 - 0x00007ffc74707000 	C:\Windows\SYSTEM32\DEVOBJ.dll
0x00007ffc74490000 - 0x00007ffc7449f000 	C:\Program Files\Android\Android Studio\jre\jre\bin\verify.dll
0x00007ffc74460000 - 0x00007ffc74489000 	C:\Program Files\Android\Android Studio\jre\jre\bin\java.dll
0x00007ffc74440000 - 0x00007ffc74456000 	C:\Program Files\Android\Android Studio\jre\jre\bin\zip.dll
0x00007ffc77d70000 - 0x00007ffc79292000 	C:\Windows\system32\SHELL32.dll
0x00007ffc760b0000 - 0x00007ffc766d9000 	C:\Windows\system32\windows.storage.dll
0x00007ffc77080000 - 0x00007ffc772fc000 	C:\Windows\system32\combase.dll
0x00007ffc774d0000 - 0x00007ffc77521000 	C:\Windows\system32\shlwapi.dll
0x00007ffc75de0000 - 0x00007ffc75def000 	C:\Windows\system32\kernel.appcore.dll
0x00007ffc75e10000 - 0x00007ffc75ec3000 	C:\Windows\system32\shcore.dll
0x00007ffc75d90000 - 0x00007ffc75dda000 	C:\Windows\system32\powrprof.dll
0x00007ffc75d70000 - 0x00007ffc75d83000 	C:\Windows\system32\profapi.dll
0x00007ffc74420000 - 0x00007ffc7443a000 	C:\Program Files\Android\Android Studio\jre\jre\bin\net.dll
0x00007ffc755e0000 - 0x00007ffc7563d000 	C:\Windows\system32\mswsock.dll
0x00007ffc704a0000 - 0x00007ffc704b1000 	C:\Program Files\Android\Android Studio\jre\jre\bin\nio.dll
0x00007ffc6e880000 - 0x00007ffc6e89e000 	C:\Users\test\.gradle\caches\4.10.1\native\25\windows-amd64\native-platform.dll
0x00007ffc70490000 - 0x00007ffc7049d000 	C:\Program Files\Android\Android Studio\jre\jre\bin\management.dll
0x00007ffc75640000 - 0x00007ffc75657000 	C:\Windows\SYSTEM32\CRYPTSP.dll
0x00007ffc758b0000 - 0x00007ffc758d8000 	C:\Windows\SYSTEM32\bcrypt.dll
0x00007ffc75290000 - 0x00007ffc752c3000 	C:\Windows\system32\rsaenh.dll
0x00007ffc75380000 - 0x00007ffc7539f000 	C:\Windows\SYSTEM32\USERENV.dll
0x00007ffc75bc0000 - 0x00007ffc75c2b000 	C:\Windows\system32\bcryptprimitives.dll
0x00007ffc757b0000 - 0x00007ffc757bb000 	C:\Windows\SYSTEM32\CRYPTBASE.dll
0x00007ffc71130000 - 0x00007ffc71168000 	C:\Windows\SYSTEM32\IPHLPAPI.DLL
0x00007ffc71270000 - 0x00007ffc7127b000 	C:\Windows\SYSTEM32\WINNSI.DLL
0x00007ffc71000000 - 0x00007ffc71016000 	C:\Windows\SYSTEM32\dhcpcsvc6.DLL
0x00007ffc70f60000 - 0x00007ffc70f7a000 	C:\Windows\SYSTEM32\dhcpcsvc.DLL

VM Arguments:
jvm_args: -Xmx1536m -Dfile.encoding=windows-1252 -Duser.country=US -Duser.language=en -Duser.variant 
java_command: org.gradle.launcher.daemon.bootstrap.GradleDaemon 4.10.1
java_class_path (initial): C:\Users\test\.gradle\caches\4.10.1\wrapper\dists\gradle-4.10.1-all\455itskqi2qtf0v2sja68alqd\gradle-4.10.1\lib\gradle-launcher-4.10.1.jar
Launcher Type: SUN_STANDARD

Environment Variables:
PATH=C:\Program Files (x86)\Common Files\Oracle\Java\javapath;C:\Windows\system32;C:\Windows;C:\Windows\System32\Wbem;C:\Windows\System32\WindowsPowerShell\v1.0\;C:\Program Files\Microsoft\Web Platform Installer\;C:\Program Files (x86)\Microsoft ASP.NET\ASP.NET Web Pages\v1.0\;C:\Program Files\Microsoft SQL Server\110\Tools\Binn\
USERNAME=test
OS=Windows_NT
PROCESSOR_IDENTIFIER=Intel64 Family 6 Model 23 Stepping 10, GenuineIntel



---------------  S Y S T E M  ---------------

OS: Windows 10.0 , 64 bit Build 10240 (10.0.10240.16384)

CPU:total 2 (initial active 2) (2 cores per cpu, 1 threads per core) family 6 model 23 stepping 10, cmov, cx8, fxsr, mmx, sse, sse2, sse3, ssse3, sse4.1, tsc

Memory: 4k page, physical 4092172k(414964k free), swap 4092172k(5148k free)

vm_info: OpenJDK 64-Bit Server VM (25.152-b01) for windows-amd64 JRE (1.8.0_152-release-1248-b01), built by "builder" with MS VC++ 10.0 (VS2010)

time: Sun Mar 31 00:02:22 2019
elapsed time: 71 seconds (0d 0h 1m 11s)

